1
0
1
ASSEMBLY
2
STEP_FILE-1-1
STEP_FILE-1
STEP_FILE-2-1
STEP_FILE-2
2
STEP_FILE-1-1
663
1 1
2 2
3 3
4 4
5 5
6 6
7 7
8 8
9 9
10 10
11 11
12 12
13 13
14 14
15 15
16 16
17 17
18 18
19 19
20 20
21 21
22 22
23 23
24 24
25 25
26 26
27 27
28 28
29 29
30 30
31 31
32 32
33 33
34 34
35 35
36 36
37 37
38 38
39 39
40 40
41 41
42 42
43 43
44 44
45 45
46 46
47 47
48 48
49 49
50 50
51 51
52 52
53 53
54 54
55 55
56 56
57 57
58 58
59 59
60 60
61 61
62 62
63 63
64 64
65 65
66 66
67 67
68 68
69 69
70 70
71 71
72 72
73 73
74 74
75 75
76 76
77 77
78 78
79 79
80 80
81 81
82 82
83 83
84 84
85 85
86 86
87 87
88 88
89 89
90 90
91 91
92 92
93 93
94 94
95 95
96 96
97 97
98 98
99 99
100 100
101 101
102 102
103 103
104 104
105 105
106 106
107 107
108 108
109 109
110 110
111 111
112 112
113 113
114 114
115 115
116 116
117 117
118 118
119 119
120 120
121 121
122 122
123 123
124 124
125 125
126 126
127 127
128 128
129 129
130 130
131 131
132 132
133 133
134 134
135 135
136 136
137 137
138 138
139 139
140 140
141 141
142 142
143 143
144 144
145 145
146 146
147 147
148 148
149 149
150 150
151 151
152 152
153 153
154 154
155 155
156 156
157 157
158 158
159 159
160 160
161 161
162 162
163 163
164 164
165 165
166 166
167 167
168 168
169 169
170 170
171 171
172 172
173 173
174 174
175 175
176 176
177 177
178 178
179 179
180 180
181 181
182 182
183 183
184 184
185 185
186 186
187 187
188 188
189 189
190 190
191 191
192 192
193 193
194 194
195 195
196 196
197 197
198 198
199 199
200 200
201 201
202 202
203 203
204 204
205 205
206 206
207 207
208 208
209 209
210 210
211 211
212 212
213 213
214 214
215 215
216 216
217 217
218 218
219 219
220 220
221 221
222 222
223 223
224 224
225 225
226 226
227 227
228 228
229 229
230 230
231 231
232 232
233 233
234 234
235 235
236 236
237 237
238 238
239 239
240 240
241 241
242 242
243 243
244 244
245 245
246 246
247 247
248 248
249 249
250 250
251 251
252 252
253 253
254 254
255 255
256 256
257 257
258 258
259 259
260 260
261 261
262 262
263 263
264 264
265 265
266 266
267 267
268 268
269 269
270 270
271 271
272 272
273 273
274 274
275 275
276 276
277 277
278 278
279 279
280 280
281 281
282 282
283 283
284 284
285 285
286 286
287 287
288 288
289 289
290 290
291 291
292 292
293 293
294 294
295 295
296 296
297 297
298 298
299 299
300 300
301 301
302 302
303 303
304 304
305 305
306 306
307 307
308 308
309 309
310 310
311 311
312 312
313 313
314 314
315 315
316 316
317 317
318 318
319 319
320 320
321 321
322 322
323 323
324 324
325 325
326 326
327 327
328 328
329 329
330 330
331 331
332 332
333 333
334 334
335 335
336 336
337 337
338 338
339 339
340 340
341 341
342 342
343 343
344 344
345 345
346 346
347 347
348 348
349 349
350 350
351 351
352 352
353 353
354 354
355 355
356 356
357 357
358 358
359 359
360 360
361 361
362 362
363 363
364 364
365 365
366 366
367 367
368 368
369 369
370 370
371 371
372 372
373 373
374 374
375 375
376 376
377 377
378 378
379 379
380 380
381 381
382 382
383 383
384 384
385 385
386 386
387 387
388 388
389 389
390 390
391 391
392 392
393 393
394 394
395 395
396 396
397 397
398 398
399 399
400 400
401 401
402 402
403 403
404 404
405 405
406 406
407 407
408 408
409 409
410 410
411 411
412 412
413 413
414 414
415 415
416 416
417 417
418 418
419 419
420 420
421 421
422 422
423 423
424 424
425 425
426 426
427 427
428 428
429 429
430 430
431 431
432 432
433 433
434 434
435 435
436 436
437 437
438 438
439 439
440 440
441 441
442 442
443 443
444 444
445 445
446 446
447 447
448 448
449 449
450 450
451 451
452 452
453 453
454 454
455 455
456 456
457 457
458 458
459 459
460 460
461 461
462 462
463 463
464 464
465 465
466 466
467 467
468 468
469 469
470 470
471 471
472 472
473 473
474 474
475 475
476 476
477 477
478 478
479 479
480 480
481 481
482 482
483 483
484 484
485 485
486 486
487 487
488 488
489 489
490 490
491 491
492 492
493 493
494 494
495 495
496 496
497 497
498 498
499 499
500 500
501 501
502 502
503 503
504 504
505 505
506 506
507 507
508 508
509 509
510 510
511 511
512 512
513 513
514 514
515 515
516 516
517 517
518 518
519 519
520 520
521 521
522 522
523 523
524 524
525 525
526 526
527 527
528 528
529 529
530 530
531 531
532 532
533 533
534 534
535 535
536 536
537 537
538 538
539 539
540 540
541 541
542 542
543 543
544 544
545 545
546 546
547 547
548 548
549 549
550 550
551 551
552 552
553 553
554 554
555 555
556 556
557 557
558 558
559 559
560 560
561 561
562 562
563 563
564 564
565 565
566 566
567 567
568 568
569 569
570 570
571 571
572 572
573 573
574 574
575 575
576 576
577 577
578 578
579 579
580 580
581 581
582 582
583 583
584 584
585 585
586 586
587 587
588 588
589 589
590 590
591 591
592 592
593 593
594 594
595 595
596 596
597 597
598 598
599 599
600 600
601 601
602 602
603 603
604 604
605 605
606 606
607 607
608 608
609 609
610 610
611 611
612 612
613 613
614 614
615 615
616 616
617 617
618 618
619 619
620 620
621 621
622 622
623 623
624 624
625 625
626 626
627 627
628 628
629 629
630 630
631 631
632 632
633 633
634 634
635 635
636 636
637 637
638 638
639 639
640 640
641 641
642 642
643 643
644 644
645 645
646 646
647 647
648 648
649 649
650 650
651 651
652 652
653 653
654 654
655 655
656 656
657 657
658 658
659 659
660 660
661 661
662 662
663 663
1 1
2 2
3 3
4 4
5 5
6 6
7 7
8 8
9 9
10 10
11 11
12 12
13 13
14 14
15 15
16 16
17 17
18 18
19 19
20 20
21 21
22 22
23 23
24 24
25 25
26 26
27 27
28 28
29 29
30 30
31 31
32 32
33 33
34 34
35 35
36 36
37 37
38 38
39 39
40 40
41 41
42 42
43 43
44 44
45 45
46 46
47 47
48 48
49 49
50 50
51 51
52 52
53 53
54 54
55 55
56 56
57 57
58 58
59 59
60 60
61 61
62 62
63 63
64 64
65 65
66 66
67 67
68 68
69 69
70 70
71 71
72 72
73 73
74 74
75 75
76 76
77 77
78 78
79 79
80 80
81 81
82 82
83 83
84 84
85 85
86 86
87 87
88 88
89 89
90 90
91 91
92 92
93 93
94 94
95 95
96 96
97 97
98 98
99 99
100 100
101 101
102 102
103 103
104 104
105 105
106 106
107 107
108 108
109 109
110 110
111 111
112 112
113 113
114 114
115 115
116 116
117 117
118 118
119 119
120 120
121 121
122 122
123 123
124 124
125 125
126 126
127 127
128 128
129 129
130 130
131 131
132 132
133 133
134 134
135 135
136 136
137 137
138 138
139 139
140 140
141 141
142 142
143 143
144 144
145 145
146 146
147 147
148 148
149 149
150 150
151 151
152 152
153 153
154 154
155 155
156 156
157 157
158 158
159 159
160 160
161 161
162 162
163 163
164 164
165 165
166 166
167 167
168 168
169 169
170 170
171 171
172 172
173 173
174 174
175 175
176 176
177 177
178 178
179 179
180 180
181 181
182 182
183 183
184 184
185 185
186 186
187 187
188 188
189 189
190 190
191 191
192 192
193 193
194 194
195 195
196 196
197 197
198 198
199 199
200 200
201 201
202 202
203 203
204 204
205 205
206 206
207 207
208 208
209 209
210 210
211 211
212 212
213 213
214 214
215 215
216 216
217 217
218 218
219 219
220 220
221 221
222 222
223 223
224 224
225 225
226 226
227 227
228 228
229 229
230 230
231 231
232 232
233 233
234 234
235 235
236 236
237 237
238 238
239 239
240 240
241 241
242 242
243 243
244 244
245 245
246 246
247 247
248 248
249 249
250 250
251 251
252 252
253 253
254 254
255 255
256 256
257 257
258 258
259 259
260 260
261 261
262 262
263 263
264 264
265 265
266 266
267 267
268 268
269 269
270 270
271 271
272 272
273 273
274 274
275 275
276 276
277 277
278 278
279 279
280 280
281 281
282 282
283 283
284 284
285 285
286 286
287 287
288 288
289 289
290 290
291 291
292 292
293 293
294 294
295 295
296 296
297 297
298 298
299 299
300 300
301 301
302 302
303 303
304 304
305 305
306 306
307 307
308 308
309 309
310 310
311 311
312 312
313 313
314 314
315 315
316 316
317 317
318 318
319 319
320 320
321 321
322 322
323 323
324 324
325 325
326 326
327 327
328 328
329 329
330 330
331 331
332 332
333 333
334 334
335 335
336 336
337 337
338 338
339 339
340 340
341 341
342 342
343 343
344 344
345 345
346 346
347 347
348 348
349 349
350 350
351 351
352 352
353 353
354 354
355 355
356 356
357 357
358 358
359 359
360 360
361 361
362 362
363 363
364 364
365 365
366 366
367 367
368 368
369 369
370 370
371 371
372 372
373 373
374 374
375 375
376 376
377 377
378 378
379 379
380 380
381 381
382 382
383 383
384 384
385 385
386 386
387 387
388 388
389 389
390 390
391 391
392 392
393 393
394 394
395 395
396 396
397 397
398 398
399 399
400 400
401 401
402 402
403 403
404 404
405 405
406 406
407 407
408 408
409 409
410 410
411 411
412 412
413 413
414 414
415 415
416 416
417 417
418 418
419 419
420 420
421 421
422 422
423 423
424 424
425 425
426 426
427 427
428 428
429 429
430 430
431 431
432 432
433 433
434 434
435 435
436 436
437 437
438 438
439 439
440 440
441 441
442 442
443 443
444 444
445 445
446 446
447 447
448 448
449 449
450 450
451 451
452 452
453 453
454 454
455 455
456 456
457 457
458 458
459 459
460 460
461 461
462 462
463 463
464 464
465 465
466 466
467 467
468 468
469 469
470 470
471 471
472 472
473 473
474 474
475 475
476 476
477 477
478 478
479 479
480 480
481 481
482 482
483 483
484 484
485 485
486 486
487 487
488 488
489 489
490 490
491 491
492 492
493 493
494 494
495 495
496 496
497 497
498 498
499 499
500 500
501 501
502 502
503 503
504 504
505 505
506 506
507 507
508 508
509 509
510 510
511 511
512 512
513 513
514 514
515 515
516 516
517 517
518 518
519 519
520 520
521 521
522 522
523 523
524 524
525 525
526 526
527 527
528 528
529 529
530 530
531 531
532 532
533 533
534 534
535 535
536 536
537 537
538 538
539 539
540 540
541 541
542 542
543 543
544 544
545 545
546 546
547 547
548 548
549 549
550 550
551 551
552 552
553 553
554 554
555 555
556 556
557 557
558 558
559 559
560 560
561 561
562 562
563 563
564 564
565 565
566 566
567 567
568 568
569 569
570 570
571 571
572 572
573 573
574 574
575 575
576 576
577 577
578 578
579 579
580 580
581 581
582 582
583 583
584 584
585 585
586 586
587 587
588 588
589 589
590 590
591 591
592 592
593 593
594 594
595 595
596 596
597 597
598 598
599 599
600 600
601 601
602 602
603 603
604 604
605 605
606 606
607 607
608 608
609 609
610 610
611 611
612 612
613 613
614 614
615 615
616 616
617 617
618 618
619 619
620 620
621 621
622 622
623 623
624 624
625 625
626 626
627 627
628 628
629 629
630 630
631 631
632 632
633 633
634 634
635 635
636 636
637 637
638 638
639 639
640 640
641 641
642 642
643 643
644 644
645 645
646 646
647 647
648 648
649 649
650 650
651 651
652 652
653 653
654 654
655 655
656 656
657 657
658 658
659 659
660 660
661 661
662 662
663 663
STEP_FILE-2-1
663
664 1
665 2
666 3
667 4
668 5
669 6
670 7
671 8
672 9
673 10
674 11
675 12
676 13
677 14
678 15
679 16
680 17
681 18
682 19
683 20
684 21
685 22
686 23
687 24
688 25
689 26
690 27
691 28
692 29
693 30
694 31
695 32
696 33
697 34
698 35
699 36
700 37
701 38
702 39
703 40
704 41
705 42
706 43
707 44
708 45
709 46
710 47
711 48
712 49
713 50
714 51
715 52
716 53
717 54
718 55
719 56
720 57
721 58
722 59
723 60
724 61
725 62
726 63
727 64
728 65
729 66
730 67
731 68
732 69
733 70
734 71
735 72
736 73
737 74
738 75
739 76
740 77
741 78
742 79
743 80
744 81
745 82
746 83
747 84
748 85
749 86
750 87
751 88
752 89
753 90
754 91
755 92
756 93
757 94
758 95
759 96
760 97
761 98
762 99
763 100
764 101
765 102
766 103
767 104
768 105
769 106
770 107
771 108
772 109
773 110
774 111
775 112
776 113
777 114
778 115
779 116
780 117
781 118
782 119
783 120
784 121
785 122
786 123
787 124
788 125
789 126
790 127
791 128
792 129
793 130
794 131
795 132
796 133
797 134
798 135
799 136
800 137
801 138
802 139
803 140
804 141
805 142
806 143
807 144
808 145
809 146
810 147
811 148
812 149
813 150
814 151
815 152
816 153
817 154
818 155
819 156
820 157
821 158
822 159
823 160
824 161
825 162
826 163
827 164
828 165
829 166
830 167
831 168
832 169
833 170
834 171
835 172
836 173
837 174
838 175
839 176
840 177
841 178
842 179
843 180
844 181
845 182
846 183
847 184
848 185
849 186
850 187
851 188
852 189
853 190
854 191
855 192
856 193
857 194
858 195
859 196
860 197
861 198
862 199
863 200
864 201
865 202
866 203
867 204
868 205
869 206
870 207
871 208
872 209
873 210
874 211
875 212
876 213
877 214
878 215
879 216
880 217
881 218
882 219
883 220
884 221
885 222
886 223
887 224
888 225
889 226
890 227
891 228
892 229
893 230
894 231
895 232
896 233
897 234
898 235
899 236
900 237
901 238
902 239
903 240
904 241
905 242
906 243
907 244
908 245
909 246
910 247
911 248
912 249
913 250
914 251
915 252
916 253
917 254
918 255
919 256
920 257
921 258
922 259
923 260
924 261
925 262
926 263
927 264
928 265
929 266
930 267
931 268
932 269
933 270
934 271
935 272
936 273
937 274
938 275
939 276
940 277
941 278
942 279
943 280
944 281
945 282
946 283
947 284
948 285
949 286
950 287
951 288
952 289
953 290
954 291
955 292
956 293
957 294
958 295
959 296
960 297
961 298
962 299
963 300
964 301
965 302
966 303
967 304
968 305
969 306
970 307
971 308
972 309
973 310
974 311
975 312
976 313
977 314
978 315
979 316
980 317
981 318
982 319
983 320
984 321
985 322
986 323
987 324
988 325
989 326
990 327
991 328
992 329
993 330
994 331
995 332
996 333
997 334
998 335
999 336
1000 337
1001 338
1002 339
1003 340
1004 341
1005 342
1006 343
1007 344
1008 345
1009 346
1010 347
1011 348
1012 349
1013 350
1014 351
1015 352
1016 353
1017 354
1018 355
1019 356
1020 357
1021 358
1022 359
1023 360
1024 361
1025 362
1026 363
1027 364
1028 365
1029 366
1030 367
1031 368
1032 369
1033 370
1034 371
1035 372
1036 373
1037 374
1038 375
1039 376
1040 377
1041 378
1042 379
1043 380
1044 381
1045 382
1046 383
1047 384
1048 385
1049 386
1050 387
1051 388
1052 389
1053 390
1054 391
1055 392
1056 393
1057 394
1058 395
1059 396
1060 397
1061 398
1062 399
1063 400
1064 401
1065 402
1066 403
1067 404
1068 405
1069 406
1070 407
1071 408
1072 409
1073 410
1074 411
1075 412
1076 413
1077 414
1078 415
1079 416
1080 417
1081 418
1082 419
1083 420
1084 421
1085 422
1086 423
1087 424
1088 425
1089 426
1090 427
1091 428
1092 429
1093 430
1094 431
1095 432
1096 433
1097 434
1098 435
1099 436
1100 437
1101 438
1102 439
1103 440
1104 441
1105 442
1106 443
1107 444
1108 445
1109 446
1110 447
1111 448
1112 449
1113 450
1114 451
1115 452
1116 453
1117 454
1118 455
1119 456
1120 457
1121 458
1122 459
1123 460
1124 461
1125 462
1126 463
1127 464
1128 465
1129 466
1130 467
1131 468
1132 469
1133 470
1134 471
1135 472
1136 473
1137 474
1138 475
1139 476
1140 477
1141 478
1142 479
1143 480
1144 481
1145 482
1146 483
1147 484
1148 485
1149 486
1150 487
1151 488
1152 489
1153 490
1154 491
1155 492
1156 493
1157 494
1158 495
1159 496
1160 497
1161 498
1162 499
1163 500
1164 501
1165 502
1166 503
1167 504
1168 505
1169 506
1170 507
1171 508
1172 509
1173 510
1174 511
1175 512
1176 513
1177 514
1178 515
1179 516
1180 517
1181 518
1182 519
1183 520
1184 521
1185 522
1186 523
1187 524
1188 525
1189 526
1190 527
1191 528
1192 529
1193 530
1194 531
1195 532
1196 533
1197 534
1198 535
1199 536
1200 537
1201 538
1202 539
1203 540
1204 541
1205 542
1206 543
1207 544
1208 545
1209 546
1210 547
1211 548
1212 549
1213 550
1214 551
1215 552
1216 553
1217 554
1218 555
1219 556
1220 557
1221 558
1222 559
1223 560
1224 561
1225 562
1226 563
1227 564
1228 565
1229 566
1230 567
1231 568
1232 569
1233 570
1234 571
1235 572
1236 573
1237 574
1238 575
1239 576
1240 577
1241 578
1242 579
1243 580
1244 581
1245 582
1246 583
1247 584
1248 585
1249 586
1250 587
1251 588
1252 589
1253 590
1254 591
1255 592
1256 593
1257 594
1258 595
1259 596
1260 597
1261 598
1262 599
1263 600
1264 601
1265 602
1266 603
1267 604
1268 605
1269 606
1270 607
1271 608
1272 609
1273 610
1274 611
1275 612
1276 613
1277 614
1278 615
1279 616
1280 617
1281 618
1282 619
1283 620
1284 621
1285 622
1286 623
1287 624
1288 625
1289 626
1290 627
1291 628
1292 629
1293 630
1294 631
1295 632
1296 633
1297 634
1298 635
1299 636
1300 637
1301 638
1302 639
1303 640
1304 641
1305 642
1306 643
1307 644
1308 645
1309 646
1310 647
1311 648
1312 649
1313 650
1314 651
1315 652
1316 653
1317 654
1318 655
1319 656
1320 657
1321 658
1322 659
1323 660
1324 661
1325 662
1326 663
1 664
2 665
3 666
4 667
5 668
6 669
7 670
8 671
9 672
10 673
11 674
12 675
13 676
14 677
15 678
16 679
17 680
18 681
19 682
20 683
21 684
22 685
23 686
24 687
25 688
26 689
27 690
28 691
29 692
30 693
31 694
32 695
33 696
34 697
35 698
36 699
37 700
38 701
39 702
40 703
41 704
42 705
43 706
44 707
45 708
46 709
47 710
48 711
49 712
50 713
51 714
52 715
53 716
54 717
55 718
56 719
57 720
58 721
59 722
60 723
61 724
62 725
63 726
64 727
65 728
66 729
67 730
68 731
69 732
70 733
71 734
72 735
73 736
74 737
75 738
76 739
77 740
78 741
79 742
80 743
81 744
82 745
83 746
84 747
85 748
86 749
87 750
88 751
89 752
90 753
91 754
92 755
93 756
94 757
95 758
96 759
97 760
98 761
99 762
100 763
101 764
102 765
103 766
104 767
105 768
106 769
107 770
108 771
109 772
110 773
111 774
112 775
113 776
114 777
115 778
116 779
117 780
118 781
119 782
120 783
121 784
122 785
123 786
124 787
125 788
126 789
127 790
128 791
129 792
130 793
131 794
132 795
133 796
134 797
135 798
136 799
137 800
138 801
139 802
140 803
141 804
142 805
143 806
144 807
145 808
146 809
147 810
148 811
149 812
150 813
151 814
152 815
153 816
154 817
155 818
156 819
157 820
158 821
159 822
160 823
161 824
162 825
163 826
164 827
165 828
166 829
167 830
168 831
169 832
170 833
171 834
172 835
173 836
174 837
175 838
176 839
177 840
178 841
179 842
180 843
181 844
182 845
183 846
184 847
185 848
186 849
187 850
188 851
189 852
190 853
191 854
192 855
193 856
194 857
195 858
196 859
197 860
198 861
199 862
200 863
201 864
202 865
203 866
204 867
205 868
206 869
207 870
208 871
209 872
210 873
211 874
212 875
213 876
214 877
215 878
216 879
217 880
218 881
219 882
220 883
221 884
222 885
223 886
224 887
225 888
226 889
227 890
228 891
229 892
230 893
231 894
232 895
233 896
234 897
235 898
236 899
237 900
238 901
239 902
240 903
241 904
242 905
243 906
244 907
245 908
246 909
247 910
248 911
249 912
250 913
251 914
252 915
253 916
254 917
255 918
256 919
257 920
258 921
259 922
260 923
261 924
262 925
263 926
264 927
265 928
266 929
267 930
268 931
269 932
270 933
271 934
272 935
273 936
274 937
275 938
276 939
277 940
278 941
279 942
280 943
281 944
282 945
283 946
284 947
285 948
286 949
287 950
288 951
289 952
290 953
291 954
292 955
293 956
294 957
295 958
296 959
297 960
298 961
299 962
300 963
301 964
302 965
303 966
304 967
305 968
306 969
307 970
308 971
309 972
310 973
311 974
312 975
313 976
314 977
315 978
316 979
317 980
318 981
319 982
320 983
321 984
322 985
323 986
324 987
325 988
326 989
327 990
328 991
329 992
330 993
331 994
332 995
333 996
334 997
335 998
336 999
337 1000
338 1001
339 1002
340 1003
341 1004
342 1005
343 1006
344 1007
345 1008
346 1009
347 1010
348 1011
349 1012
350 1013
351 1014
352 1015
353 1016
354 1017
355 1018
356 1019
357 1020
358 1021
359 1022
360 1023
361 1024
362 1025
363 1026
364 1027
365 1028
366 1029
367 1030
368 1031
369 1032
370 1033
371 1034
372 1035
373 1036
374 1037
375 1038
376 1039
377 1040
378 1041
379 1042
380 1043
381 1044
382 1045
383 1046
384 1047
385 1048
386 1049
387 1050
388 1051
389 1052
390 1053
391 1054
392 1055
393 1056
394 1057
395 1058
396 1059
397 1060
398 1061
399 1062
400 1063
401 1064
402 1065
403 1066
404 1067
405 1068
406 1069
407 1070
408 1071
409 1072
410 1073
411 1074
412 1075
413 1076
414 1077
415 1078
416 1079
417 1080
418 1081
419 1082
420 1083
421 1084
422 1085
423 1086
424 1087
425 1088
426 1089
427 1090
428 1091
429 1092
430 1093
431 1094
432 1095
433 1096
434 1097
435 1098
436 1099
437 1100
438 1101
439 1102
440 1103
441 1104
442 1105
443 1106
444 1107
445 1108
446 1109
447 1110
448 1111
449 1112
450 1113
451 1114
452 1115
453 1116
454 1117
455 1118
456 1119
457 1120
458 1121
459 1122
460 1123
461 1124
462 1125
463 1126
464 1127
465 1128
466 1129
467 1130
468 1131
469 1132
470 1133
471 1134
472 1135
473 1136
474 1137
475 1138
476 1139
477 1140
478 1141
479 1142
480 1143
481 1144
482 1145
483 1146
484 1147
485 1148
486 1149
487 1150
488 1151
489 1152
490 1153
491 1154
492 1155
493 1156
494 1157
495 1158
496 1159
497 1160
498 1161
499 1162
500 1163
501 1164
502 1165
503 1166
504 1167
505 1168
506 1169
507 1170
508 1171
509 1172
510 1173
511 1174
512 1175
513 1176
514 1177
515 1178
516 1179
517 1180
518 1181
519 1182
520 1183
521 1184
522 1185
523 1186
524 1187
525 1188
526 1189
527 1190
528 1191
529 1192
530 1193
531 1194
532 1195
533 1196
534 1197
535 1198
536 1199
537 1200
538 1201
539 1202
540 1203
541 1204
542 1205
543 1206
544 1207
545 1208
546 1209
547 1210
548 1211
549 1212
550 1213
551 1214
552 1215
553 1216
554 1217
555 1218
556 1219
557 1220
558 1221
559 1222
560 1223
561 1224
562 1225
563 1226
564 1227
565 1228
566 1229
567 1230
568 1231
569 1232
570 1233
571 1234
572 1235
573 1236
574 1237
575 1238
576 1239
577 1240
578 1241
579 1242
580 1243
581 1244
582 1245
583 1246
584 1247
585 1248
586 1249
587 1250
588 1251
589 1252
590 1253
591 1254
592 1255
593 1256
594 1257
595 1258
596 1259
597 1260
598 1261
599 1262
600 1263
601 1264
602 1265
603 1266
604 1267
605 1268
606 1269
607 1270
608 1271
609 1272
610 1273
611 1274
612 1275
613 1276
614 1277
615 1278
616 1279
617 1280
618 1281
619 1282
620 1283
621 1284
622 1285
623 1286
624 1287
625 1288
626 1289
627 1290
628 1291
629 1292
630 1293
631 1294
632 1295
633 1296
634 1297
635 1298
636 1299
637 1300
638 1301
639 1302
640 1303
641 1304
642 1305
643 1306
644 1307
645 1308
646 1309
647 1310
648 1311
649 1312
650 1313
651 1314
652 1315
653 1316
654 1317
655 1318
656 1319
657 1320
658 1321
659 1322
660 1323
661 1324
662 1325
663 1326
0
2
STEP_FILE-1-1
600
1 1
2 2
3 3
4 4
5 5
6 6
7 7
8 8
9 9
10 10
11 11
12 12
13 13
14 14
15 15
16 16
17 17
18 18
19 19
20 20
21 21
22 22
23 23
24 24
25 25
26 26
27 27
28 28
29 29
30 30
31 31
32 32
33 33
34 34
35 35
36 36
37 37
38 38
39 39
40 40
41 41
42 42
43 43
44 44
45 45
46 46
47 47
48 48
49 49
50 50
51 51
52 52
53 53
54 54
55 55
56 56
57 57
58 58
59 59
60 60
61 61
62 62
63 63
64 64
65 65
66 66
67 67
68 68
69 69
70 70
71 71
72 72
73 73
74 74
75 75
76 76
77 77
78 78
79 79
80 80
81 81
82 82
83 83
84 84
85 85
86 86
87 87
88 88
89 89
90 90
91 91
92 92
93 93
94 94
95 95
96 96
97 97
98 98
99 99
100 100
101 101
102 102
103 103
104 104
105 105
106 106
107 107
108 108
109 109
110 110
111 111
112 112
113 113
114 114
115 115
116 116
117 117
118 118
119 119
120 120
121 121
122 122
123 123
124 124
125 125
126 126
127 127
128 128
129 129
130 130
131 131
132 132
133 133
134 134
135 135
136 136
137 137
138 138
139 139
140 140
141 141
142 142
143 143
144 144
145 145
146 146
147 147
148 148
149 149
150 150
151 151
152 152
153 153
154 154
155 155
156 156
157 157
158 158
159 159
160 160
161 161
162 162
163 163
164 164
165 165
166 166
167 167
168 168
169 169
170 170
171 171
172 172
173 173
174 174
175 175
176 176
177 177
178 178
179 179
180 180
181 181
182 182
183 183
184 184
185 185
186 186
187 187
188 188
189 189
190 190
191 191
192 192
193 193
194 194
195 195
196 196
197 197
198 198
199 199
200 200
201 201
202 202
203 203
204 204
205 205
206 206
207 207
208 208
209 209
210 210
211 211
212 212
213 213
214 214
215 215
216 216
217 217
218 218
219 219
220 220
221 221
222 222
223 223
224 224
225 225
226 226
227 227
228 228
229 229
230 230
231 231
232 232
233 233
234 234
235 235
236 236
237 237
238 238
239 239
240 240
241 241
242 242
243 243
244 244
245 245
246 246
247 247
248 248
249 249
250 250
251 251
252 252
253 253
254 254
255 255
256 256
257 257
258 258
259 259
260 260
261 261
262 262
263 263
264 264
265 265
266 266
267 267
268 268
269 269
270 270
271 271
272 272
273 273
274 274
275 275
276 276
277 277
278 278
279 279
280 280
281 281
282 282
283 283
284 284
285 285
286 286
287 287
288 288
289 289
290 290
291 291
292 292
293 293
294 294
295 295
296 296
297 297
298 298
299 299
300 300
301 301
302 302
303 303
304 304
305 305
306 306
307 307
308 308
309 309
310 310
311 311
312 312
313 313
314 314
315 315
316 316
317 317
318 318
319 319
320 320
321 321
322 322
323 323
324 324
325 325
326 326
327 327
328 328
329 329
330 330
331 331
332 332
333 333
334 334
335 335
336 336
337 337
338 338
339 339
340 340
341 341
342 342
343 343
344 344
345 345
346 346
347 347
348 348
349 349
350 350
351 351
352 352
353 353
354 354
355 355
356 356
357 357
358 358
359 359
360 360
361 361
362 362
363 363
364 364
365 365
366 366
367 367
368 368
369 369
370 370
371 371
372 372
373 373
374 374
375 375
376 376
377 377
378 378
379 379
380 380
381 381
382 382
383 383
384 384
385 385
386 386
387 387
388 388
389 389
390 390
391 391
392 392
393 393
394 394
395 395
396 396
397 397
398 398
399 399
400 400
401 401
402 402
403 403
404 404
405 405
406 406
407 407
408 408
409 409
410 410
411 411
412 412
413 413
414 414
415 415
416 416
417 417
418 418
419 419
420 420
421 421
422 422
423 423
424 424
425 425
426 426
427 427
428 428
429 429
430 430
431 431
432 432
433 433
434 434
435 435
436 436
437 437
438 438
439 439
440 440
441 441
442 442
443 443
444 444
445 445
446 446
447 447
448 448
449 449
450 450
451 451
452 452
453 453
454 454
455 455
456 456
457 457
458 458
459 459
460 460
461 461
462 462
463 463
464 464
465 465
466 466
467 467
468 468
469 469
470 470
471 471
472 472
473 473
474 474
475 475
476 476
477 477
478 478
479 479
480 480
481 481
482 482
483 483
484 484
485 485
486 486
487 487
488 488
489 489
490 490
491 491
492 492
493 493
494 494
495 495
496 496
497 497
498 498
499 499
500 500
501 501
502 502
503 503
504 504
505 505
506 506
507 507
508 508
509 509
510 510
511 511
512 512
513 513
514 514
515 515
516 516
517 517
518 518
519 519
520 520
521 521
522 522
523 523
524 524
525 525
526 526
527 527
528 528
529 529
530 530
531 531
532 532
533 533
534 534
535 535
536 536
537 537
538 538
539 539
540 540
541 541
542 542
543 543
544 544
545 545
546 546
547 547
548 548
549 549
550 550
551 551
552 552
553 553
554 554
555 555
556 556
557 557
558 558
559 559
560 560
561 561
562 562
563 563
564 564
565 565
566 566
567 567
568 568
569 569
570 570
571 571
572 572
573 573
574 574
575 575
576 576
577 577
578 578
579 579
580 580
581 581
582 582
583 583
584 584
585 585
586 586
587 587
588 588
589 589
590 590
591 591
592 592
593 593
594 594
595 595
596 596
597 597
598 598
599 599
600 600
1 1
2 2
3 3
4 4
5 5
6 6
7 7
8 8
9 9
10 10
11 11
12 12
13 13
14 14
15 15
16 16
17 17
18 18
19 19
20 20
21 21
22 22
23 23
24 24
25 25
26 26
27 27
28 28
29 29
30 30
31 31
32 32
33 33
34 34
35 35
36 36
37 37
38 38
39 39
40 40
41 41
42 42
43 43
44 44
45 45
46 46
47 47
48 48
49 49
50 50
51 51
52 52
53 53
54 54
55 55
56 56
57 57
58 58
59 59
60 60
61 61
62 62
63 63
64 64
65 65
66 66
67 67
68 68
69 69
70 70
71 71
72 72
73 73
74 74
75 75
76 76
77 77
78 78
79 79
80 80
81 81
82 82
83 83
84 84
85 85
86 86
87 87
88 88
89 89
90 90
91 91
92 92
93 93
94 94
95 95
96 96
97 97
98 98
99 99
100 100
101 101
102 102
103 103
104 104
105 105
106 106
107 107
108 108
109 109
110 110
111 111
112 112
113 113
114 114
115 115
116 116
117 117
118 118
119 119
120 120
121 121
122 122
123 123
124 124
125 125
126 126
127 127
128 128
129 129
130 130
131 131
132 132
133 133
134 134
135 135
136 136
137 137
138 138
139 139
140 140
141 141
142 142
143 143
144 144
145 145
146 146
147 147
148 148
149 149
150 150
151 151
152 152
153 153
154 154
155 155
156 156
157 157
158 158
159 159
160 160
161 161
162 162
163 163
164 164
165 165
166 166
167 167
168 168
169 169
170 170
171 171
172 172
173 173
174 174
175 175
176 176
177 177
178 178
179 179
180 180
181 181
182 182
183 183
184 184
185 185
186 186
187 187
188 188
189 189
190 190
191 191
192 192
193 193
194 194
195 195
196 196
197 197
198 198
199 199
200 200
201 201
202 202
203 203
204 204
205 205
206 206
207 207
208 208
209 209
210 210
211 211
212 212
213 213
214 214
215 215
216 216
217 217
218 218
219 219
220 220
221 221
222 222
223 223
224 224
225 225
226 226
227 227
228 228
229 229
230 230
231 231
232 232
233 233
234 234
235 235
236 236
237 237
238 238
239 239
240 240
241 241
242 242
243 243
244 244
245 245
246 246
247 247
248 248
249 249
250 250
251 251
252 252
253 253
254 254
255 255
256 256
257 257
258 258
259 259
260 260
261 261
262 262
263 263
264 264
265 265
266 266
267 267
268 268
269 269
270 270
271 271
272 272
273 273
274 274
275 275
276 276
277 277
278 278
279 279
280 280
281 281
282 282
283 283
284 284
285 285
286 286
287 287
288 288
289 289
290 290
291 291
292 292
293 293
294 294
295 295
296 296
297 297
298 298
299 299
300 300
301 301
302 302
303 303
304 304
305 305
306 306
307 307
308 308
309 309
310 310
311 311
312 312
313 313
314 314
315 315
316 316
317 317
318 318
319 319
320 320
321 321
322 322
323 323
324 324
325 325
326 326
327 327
328 328
329 329
330 330
331 331
332 332
333 333
334 334
335 335
336 336
337 337
338 338
339 339
340 340
341 341
342 342
343 343
344 344
345 345
346 346
347 347
348 348
349 349
350 350
351 351
352 352
353 353
354 354
355 355
356 356
357 357
358 358
359 359
360 360
361 361
362 362
363 363
364 364
365 365
366 366
367 367
368 368
369 369
370 370
371 371
372 372
373 373
374 374
375 375
376 376
377 377
378 378
379 379
380 380
381 381
382 382
383 383
384 384
385 385
386 386
387 387
388 388
389 389
390 390
391 391
392 392
393 393
394 394
395 395
396 396
397 397
398 398
399 399
400 400
401 401
402 402
403 403
404 404
405 405
406 406
407 407
408 408
409 409
410 410
411 411
412 412
413 413
414 414
415 415
416 416
417 417
418 418
419 419
420 420
421 421
422 422
423 423
424 424
425 425
426 426
427 427
428 428
429 429
430 430
431 431
432 432
433 433
434 434
435 435
436 436
437 437
438 438
439 439
440 440
441 441
442 442
443 443
444 444
445 445
446 446
447 447
448 448
449 449
450 450
451 451
452 452
453 453
454 454
455 455
456 456
457 457
458 458
459 459
460 460
461 461
462 462
463 463
464 464
465 465
466 466
467 467
468 468
469 469
470 470
471 471
472 472
473 473
474 474
475 475
476 476
477 477
478 478
479 479
480 480
481 481
482 482
483 483
484 484
485 485
486 486
487 487
488 488
489 489
490 490
491 491
492 492
493 493
494 494
495 495
496 496
497 497
498 498
499 499
500 500
501 501
502 502
503 503
504 504
505 505
506 506
507 507
508 508
509 509
510 510
511 511
512 512
513 513
514 514
515 515
516 516
517 517
518 518
519 519
520 520
521 521
522 522
523 523
524 524
525 525
526 526
527 527
528 528
529 529
530 530
531 531
532 532
533 533
534 534
535 535
536 536
537 537
538 538
539 539
540 540
541 541
542 542
543 543
544 544
545 545
546 546
547 547
548 548
549 549
550 550
551 551
552 552
553 553
554 554
555 555
556 556
557 557
558 558
559 559
560 560
561 561
562 562
563 563
564 564
565 565
566 566
567 567
568 568
569 569
570 570
571 571
572 572
573 573
574 574
575 575
576 576
577 577
578 578
579 579
580 580
581 581
582 582
583 583
584 584
585 585
586 586
587 587
588 588
589 589
590 590
591 591
592 592
593 593
594 594
595 595
596 596
597 597
598 598
599 599
600 600
STEP_FILE-2-1
600
601 1
602 2
603 3
604 4
605 5
606 6
607 7
608 8
609 9
610 10
611 11
612 12
613 13
614 14
615 15
616 16
617 17
618 18
619 19
620 20
621 21
622 22
623 23
624 24
625 25
626 26
627 27
628 28
629 29
630 30
631 31
632 32
633 33
634 34
635 35
636 36
637 37
638 38
639 39
640 40
641 41
642 42
643 43
644 44
645 45
646 46
647 47
648 48
649 49
650 50
651 51
652 52
653 53
654 54
655 55
656 56
657 57
658 58
659 59
660 60
661 61
662 62
663 63
664 64
665 65
666 66
667 67
668 68
669 69
670 70
671 71
672 72
673 73
674 74
675 75
676 76
677 77
678 78
679 79
680 80
681 81
682 82
683 83
684 84
685 85
686 86
687 87
688 88
689 89
690 90
691 91
692 92
693 93
694 94
695 95
696 96
697 97
698 98
699 99
700 100
701 101
702 102
703 103
704 104
705 105
706 106
707 107
708 108
709 109
710 110
711 111
712 112
713 113
714 114
715 115
716 116
717 117
718 118
719 119
720 120
721 121
722 122
723 123
724 124
725 125
726 126
727 127
728 128
729 129
730 130
731 131
732 132
733 133
734 134
735 135
736 136
737 137
738 138
739 139
740 140
741 141
742 142
743 143
744 144
745 145
746 146
747 147
748 148
749 149
750 150
751 151
752 152
753 153
754 154
755 155
756 156
757 157
758 158
759 159
760 160
761 161
762 162
763 163
764 164
765 165
766 166
767 167
768 168
769 169
770 170
771 171
772 172
773 173
774 174
775 175
776 176
777 177
778 178
779 179
780 180
781 181
782 182
783 183
784 184
785 185
786 186
787 187
788 188
789 189
790 190
791 191
792 192
793 193
794 194
795 195
796 196
797 197
798 198
799 199
800 200
801 201
802 202
803 203
804 204
805 205
806 206
807 207
808 208
809 209
810 210
811 211
812 212
813 213
814 214
815 215
816 216
817 217
818 218
819 219
820 220
821 221
822 222
823 223
824 224
825 225
826 226
827 227
828 228
829 229
830 230
831 231
832 232
833 233
834 234
835 235
836 236
837 237
838 238
839 239
840 240
841 241
842 242
843 243
844 244
845 245
846 246
847 247
848 248
849 249
850 250
851 251
852 252
853 253
854 254
855 255
856 256
857 257
858 258
859 259
860 260
861 261
862 262
863 263
864 264
865 265
866 266
867 267
868 268
869 269
870 270
871 271
872 272
873 273
874 274
875 275
876 276
877 277
878 278
879 279
880 280
881 281
882 282
883 283
884 284
885 285
886 286
887 287
888 288
889 289
890 290
891 291
892 292
893 293
894 294
895 295
896 296
897 297
898 298
899 299
900 300
901 301
902 302
903 303
904 304
905 305
906 306
907 307
908 308
909 309
910 310
911 311
912 312
913 313
914 314
915 315
916 316
917 317
918 318
919 319
920 320
921 321
922 322
923 323
924 324
925 325
926 326
927 327
928 328
929 329
930 330
931 331
932 332
933 333
934 334
935 335
936 336
937 337
938 338
939 339
940 340
941 341
942 342
943 343
944 344
945 345
946 346
947 347
948 348
949 349
950 350
951 351
952 352
953 353
954 354
955 355
956 356
957 357
958 358
959 359
960 360
961 361
962 362
963 363
964 364
965 365
966 366
967 367
968 368
969 369
970 370
971 371
972 372
973 373
974 374
975 375
976 376
977 377
978 378
979 379
980 380
981 381
982 382
983 383
984 384
985 385
986 386
987 387
988 388
989 389
990 390
991 391
992 392
993 393
994 394
995 395
996 396
997 397
998 398
999 399
1000 400
1001 401
1002 402
1003 403
1004 404
1005 405
1006 406
1007 407
1008 408
1009 409
1010 410
1011 411
1012 412
1013 413
1014 414
1015 415
1016 416
1017 417
1018 418
1019 419
1020 420
1021 421
1022 422
1023 423
1024 424
1025 425
1026 426
1027 427
1028 428
1029 429
1030 430
1031 431
1032 432
1033 433
1034 434
1035 435
1036 436
1037 437
1038 438
1039 439
1040 440
1041 441
1042 442
1043 443
1044 444
1045 445
1046 446
1047 447
1048 448
1049 449
1050 450
1051 451
1052 452
1053 453
1054 454
1055 455
1056 456
1057 457
1058 458
1059 459
1060 460
1061 461
1062 462
1063 463
1064 464
1065 465
1066 466
1067 467
1068 468
1069 469
1070 470
1071 471
1072 472
1073 473
1074 474
1075 475
1076 476
1077 477
1078 478
1079 479
1080 480
1081 481
1082 482
1083 483
1084 484
1085 485
1086 486
1087 487
1088 488
1089 489
1090 490
1091 491
1092 492
1093 493
1094 494
1095 495
1096 496
1097 497
1098 498
1099 499
1100 500
1101 501
1102 502
1103 503
1104 504
1105 505
1106 506
1107 507
1108 508
1109 509
1110 510
1111 511
1112 512
1113 513
1114 514
1115 515
1116 516
1117 517
1118 518
1119 519
1120 520
1121 521
1122 522
1123 523
1124 524
1125 525
1126 526
1127 527
1128 528
1129 529
1130 530
1131 531
1132 532
1133 533
1134 534
1135 535
1136 536
1137 537
1138 538
1139 539
1140 540
1141 541
1142 542
1143 543
1144 544
1145 545
1146 546
1147 547
1148 548
1149 549
1150 550
1151 551
1152 552
1153 553
1154 554
1155 555
1156 556
1157 557
1158 558
1159 559
1160 560
1161 561
1162 562
1163 563
1164 564
1165 565
1166 566
1167 567
1168 568
1169 569
1170 570
1171 571
1172 572
1173 573
1174 574
1175 575
1176 576
1177 577
1178 578
1179 579
1180 580
1181 581
1182 582
1183 583
1184 584
1185 585
1186 586
1187 587
1188 588
1189 589
1190 590
1191 591
1192 592
1193 593
1194 594
1195 595
1196 596
1197 597
1198 598
1199 599
1200 600
1 601
2 602
3 603
4 604
5 605
6 606
7 607
8 608
9 609
10 610
11 611
12 612
13 613
14 614
15 615
16 616
17 617
18 618
19 619
20 620
21 621
22 622
23 623
24 624
25 625
26 626
27 627
28 628
29 629
30 630
31 631
32 632
33 633
34 634
35 635
36 636
37 637
38 638
39 639
40 640
41 641
42 642
43 643
44 644
45 645
46 646
47 647
48 648
49 649
50 650
51 651
52 652
53 653
54 654
55 655
56 656
57 657
58 658
59 659
60 660
61 661
62 662
63 663
64 664
65 665
66 666
67 667
68 668
69 669
70 670
71 671
72 672
73 673
74 674
75 675
76 676
77 677
78 678
79 679
80 680
81 681
82 682
83 683
84 684
85 685
86 686
87 687
88 688
89 689
90 690
91 691
92 692
93 693
94 694
95 695
96 696
97 697
98 698
99 699
100 700
101 701
102 702
103 703
104 704
105 705
106 706
107 707
108 708
109 709
110 710
111 711
112 712
113 713
114 714
115 715
116 716
117 717
118 718
119 719
120 720
121 721
122 722
123 723
124 724
125 725
126 726
127 727
128 728
129 729
130 730
131 731
132 732
133 733
134 734
135 735
136 736
137 737
138 738
139 739
140 740
141 741
142 742
143 743
144 744
145 745
146 746
147 747
148 748
149 749
150 750
151 751
152 752
153 753
154 754
155 755
156 756
157 757
158 758
159 759
160 760
161 761
162 762
163 763
164 764
165 765
166 766
167 767
168 768
169 769
170 770
171 771
172 772
173 773
174 774
175 775
176 776
177 777
178 778
179 779
180 780
181 781
182 782
183 783
184 784
185 785
186 786
187 787
188 788
189 789
190 790
191 791
192 792
193 793
194 794
195 795
196 796
197 797
198 798
199 799
200 800
201 801
202 802
203 803
204 804
205 805
206 806
207 807
208 808
209 809
210 810
211 811
212 812
213 813
214 814
215 815
216 816
217 817
218 818
219 819
220 820
221 821
222 822
223 823
224 824
225 825
226 826
227 827
228 828
229 829
230 830
231 831
232 832
233 833
234 834
235 835
236 836
237 837
238 838
239 839
240 840
241 841
242 842
243 843
244 844
245 845
246 846
247 847
248 848
249 849
250 850
251 851
252 852
253 853
254 854
255 855
256 856
257 857
258 858
259 859
260 860
261 861
262 862
263 863
264 864
265 865
266 866
267 867
268 868
269 869
270 870
271 871
272 872
273 873
274 874
275 875
276 876
277 877
278 878
279 879
280 880
281 881
282 882
283 883
284 884
285 885
286 886
287 887
288 888
289 889
290 890
291 891
292 892
293 893
294 894
295 895
296 896
297 897
298 898
299 899
300 900
301 901
302 902
303 903
304 904
305 905
306 906
307 907
308 908
309 909
310 910
311 911
312 912
313 913
314 914
315 915
316 916
317 917
318 918
319 919
320 920
321 921
322 922
323 923
324 924
325 925
326 926
327 927
328 928
329 929
330 930
331 931
332 932
333 933
334 934
335 935
336 936
337 937
338 938
339 939
340 940
341 941
342 942
343 943
344 944
345 945
346 946
347 947
348 948
349 949
350 950
351 951
352 952
353 953
354 954
355 955
356 956
357 957
358 958
359 959
360 960
361 961
362 962
363 963
364 964
365 965
366 966
367 967
368 968
369 969
370 970
371 971
372 972
373 973
374 974
375 975
376 976
377 977
378 978
379 979
380 980
381 981
382 982
383 983
384 984
385 985
386 986
387 987
388 988
389 989
390 990
391 991
392 992
393 993
394 994
395 995
396 996
397 997
398 998
399 999
400 1000
401 1001
402 1002
403 1003
404 1004
405 1005
406 1006
407 1007
408 1008
409 1009
410 1010
411 1011
412 1012
413 1013
414 1014
415 1015
416 1016
417 1017
418 1018
419 1019
420 1020
421 1021
422 1022
423 1023
424 1024
425 1025
426 1026
427 1027
428 1028
429 1029
430 1030
431 1031
432 1032
433 1033
434 1034
435 1035
436 1036
437 1037
438 1038
439 1039
440 1040
441 1041
442 1042
443 1043
444 1044
445 1045
446 1046
447 1047
448 1048
449 1049
450 1050
451 1051
452 1052
453 1053
454 1054
455 1055
456 1056
457 1057
458 1058
459 1059
460 1060
461 1061
462 1062
463 1063
464 1064
465 1065
466 1066
467 1067
468 1068
469 1069
470 1070
471 1071
472 1072
473 1073
474 1074
475 1075
476 1076
477 1077
478 1078
479 1079
480 1080
481 1081
482 1082
483 1083
484 1084
485 1085
486 1086
487 1087
488 1088
489 1089
490 1090
491 1091
492 1092
493 1093
494 1094
495 1095
496 1096
497 1097
498 1098
499 1099
500 1100
501 1101
502 1102
503 1103
504 1104
505 1105
506 1106
507 1107
508 1108
509 1109
510 1110
511 1111
512 1112
513 1113
514 1114
515 1115
516 1116
517 1117
518 1118
519 1119
520 1120
521 1121
522 1122
523 1123
524 1124
525 1125
526 1126
527 1127
528 1128
529 1129
530 1130
531 1131
532 1132
533 1133
534 1134
535 1135
536 1136
537 1137
538 1138
539 1139
540 1140
541 1141
542 1142
543 1143
544 1144
545 1145
546 1146
547 1147
548 1148
549 1149
550 1150
551 1151
552 1152
553 1153
554 1154
555 1155
556 1156
557 1157
558 1158
559 1159
560 1160
561 1161
562 1162
563 1163
564 1164
565 1165
566 1166
567 1167
568 1168
569 1169
570 1170
571 1171
572 1172
573 1173
574 1174
575 1175
576 1176
577 1177
578 1178
579 1179
580 1180
581 1181
582 1182
583 1183
584 1184
585 1185
586 1186
587 1187
588 1188
589 1189
590 1190
591 1191
592 1192
593 1193
594 1194
595 1195
596 1196
597 1197
598 1198
599 1199
600 1200
0
8

0
2
0
2
STEP_FILE-1-1
600
1 2 3 4 5 6 7 8 9 10 11 12 13 14 15 16 17 18 19 20 21 22 23 24 25 26 27 28 29 30 31 32 33 34 35 36 37 38 39 40 41 42 43 44 45 46 47 48 49 50 51 52 53 54 55 56 57 58 59 60 61 62 63 64 65 66 67 68 69 70 71 72 73 74 75 76 77 78 79 80 81 82 83 84 85 86 87 88 89 90 91 92 93 94 95 96 97 98 99 100 101 102 103 104 105 106 107 108 109 110 111 112 113 114 115 116 117 118 119 120 121 122 123 124 125 126 127 128 129 130 131 132 133 134 135 136 137 138 139 140 141 142 143 144 145 146 147 148 149 150 151 152 153 154 155 156 157 158 159 160 161 162 163 164 165 166 167 168 169 170 171 172 173 174 175 176 177 178 179 180 181 182 183 184 185 186 187 188 189 190 191 192 193 194 195 196 197 198 199 200 201 202 203 204 205 206 207 208 209 210 211 212 213 214 215 216 217 218 219 220 221 222 223 224 225 226 227 228 229 230 231 232 233 234 235 236 237 238 239 240 241 242 243 244 245 246 247 248 249 250 251 252 253 254 255 256 257 258 259 260 261 262 263 264 265 266 267 268 269 270 271 272 273 274 275 276 277 278 279 280 281 282 283 284 285 286 287 288 289 290 291 292 293 294 295 296 297 298 299 300 301 302 303 304 305 306 307 308 309 310 311 312 313 314 315 316 317 318 319 320 321 322 323 324 325 326 327 328 329 330 331 332 333 334 335 336 337 338 339 340 341 342 343 344 345 346 347 348 349 350 351 352 353 354 355 356 357 358 359 360 361 362 363 364 365 366 367 368 369 370 371 372 373 374 375 376 377 378 379 380 381 382 383 384 385 386 387 388 389 390 391 392 393 394 395 396 397 398 399 400 401 402 403 404 405 406 407 408 409 410 411 412 413 414 415 416 417 418 419 420 421 422 423 424 425 426 427 428 429 430 431 432 433 434 435 436 437 438 439 440 441 442 443 444 445 446 447 448 449 450 451 452 453 454 455 456 457 458 459 460 461 462 463 464 465 466 467 468 469 470 471 472 473 474 475 476 477 478 479 480 481 482 483 484 485 486 487 488 489 490 491 492 493 494 495 496 497 498 499 500 501 502 503 504 505 506 507 508 509 510 511 512 513 514 515 516 517 518 519 520 521 522 523 524 525 526 527 528 529 530 531 532 533 534 535 536 537 538 539 540 541 542 543 544 545 546 547 548 549 550 551 552 553 554 555 556 557 558 559 560 561 562 563 564 565 566 567 568 569 570 571 572 573 574 575 576 577 578 579 580 581 582 583 584 585 586 587 588 589 590 591 592 593 594 595 596 597 598 599 600 
STEP_FILE-2-1
600
601 602 603 604 605 606 607 608 609 610 611 612 613 614 615 616 617 618 619 620 621 622 623 624 625 626 627 628 629 630 631 632 633 634 635 636 637 638 639 640 641 642 643 644 645 646 647 648 649 650 651 652 653 654 655 656 657 658 659 660 661 662 663 664 665 666 667 668 669 670 671 672 673 674 675 676 677 678 679 680 681 682 683 684 685 686 687 688 689 690 691 692 693 694 695 696 697 698 699 700 701 702 703 704 705 706 707 708 709 710 711 712 713 714 715 716 717 718 719 720 721 722 723 724 725 726 727 728 729 730 731 732 733 734 735 736 737 738 739 740 741 742 743 744 745 746 747 748 749 750 751 752 753 754 755 756 757 758 759 760 761 762 763 764 765 766 767 768 769 770 771 772 773 774 775 776 777 778 779 780 781 782 783 784 785 786 787 788 789 790 791 792 793 794 795 796 797 798 799 800 801 802 803 804 805 806 807 808 809 810 811 812 813 814 815 816 817 818 819 820 821 822 823 824 825 826 827 828 829 830 831 832 833 834 835 836 837 838 839 840 841 842 843 844 845 846 847 848 849 850 851 852 853 854 855 856 857 858 859 860 861 862 863 864 865 866 867 868 869 870 871 872 873 874 875 876 877 878 879 880 881 882 883 884 885 886 887 888 889 890 891 892 893 894 895 896 897 898 899 900 901 902 903 904 905 906 907 908 909 910 911 912 913 914 915 916 917 918 919 920 921 922 923 924 925 926 927 928 929 930 931 932 933 934 935 936 937 938 939 940 941 942 943 944 945 946 947 948 949 950 951 952 953 954 955 956 957 958 959 960 961 962 963 964 965 966 967 968 969 970 971 972 973 974 975 976 977 978 979 980 981 982 983 984 985 986 987 988 989 990 991 992 993 994 995 996 997 998 999 1000 1001 1002 1003 1004 1005 1006 1007 1008 1009 1010 1011 1012 1013 1014 1015 1016 1017 1018 1019 1020 1021 1022 1023 1024 1025 1026 1027 1028 1029 1030 1031 1032 1033 1034 1035 1036 1037 1038 1039 1040 1041 1042 1043 1044 1045 1046 1047 1048 1049 1050 1051 1052 1053 1054 1055 1056 1057 1058 1059 1060 1061 1062 1063 1064 1065 1066 1067 1068 1069 1070 1071 1072 1073 1074 1075 1076 1077 1078 1079 1080 1081 1082 1083 1084 1085 1086 1087 1088 1089 1090 1091 1092 1093 1094 1095 1096 1097 1098 1099 1100 1101 1102 1103 1104 1105 1106 1107 1108 1109 1110 1111 1112 1113 1114 1115 1116 1117 1118 1119 1120 1121 1122 1123 1124 1125 1126 1127 1128 1129 1130 1131 1132 1133 1134 1135 1136 1137 1138 1139 1140 1141 1142 1143 1144 1145 1146 1147 1148 1149 1150 1151 1152 1153 1154 1155 1156 1157 1158 1159 1160 1161 1162 1163 1164 1165 1166 1167 1168 1169 1170 1171 1172 1173 1174 1175 1176 1177 1178 1179 1180 1181 1182 1183 1184 1185 1186 1187 1188 1189 1190 1191 1192 1193 1194 1195 1196 1197 1198 1199 1200 
0
M_SET-1
0
1
0
1
STEP_FILE-2-1
50
612 624 636 648 660 672 684 696 708 720 732 744 756 768 780 792 804 816 828 840 852 864 876 888 900 912 924 936 948 960 972 984 996 1008 1020 1032 1044 1056 1068 1080 1092 1104 1116 1128 1140 1152 1164 1176 1188 1200 
0
SET-3
0
1
0
1
STEP_FILE-1-1
50
12 24 36 48 60 72 84 96 108 120 132 144 156 168 180 192 204 216 228 240 252 264 276 288 300 312 324 336 348 360 372 384 396 408 420 432 444 456 468 480 492 504 516 528 540 552 564 576 588 600 
0
SET-4
0
1
0
1
STEP_FILE-2-1
50
601 613 625 637 649 661 673 685 697 709 721 733 745 757 769 781 793 805 817 829 841 853 865 877 889 901 913 925 937 949 961 973 985 997 1009 1021 1033 1045 1057 1069 1081 1093 1105 1117 1129 1141 1153 1165 1177 1189 
0
SET-5
0
1
0
2
STEP_FILE-1-1
12
589 590 591 592 593 594 595 596 597 598 599 600 
STEP_FILE-2-1
12
1189 1190 1191 1192 1193 1194 1195 1196 1197 1198 1199 1200 
0
SET-6
0
1
0
1
STEP_FILE-1-1
50
1 13 25 37 49 61 73 85 97 109 121 133 145 157 169 181 193 205 217 229 241 253 265 277 289 301 313 325 337 349 361 373 385 397 409 421 433 445 457 469 481 493 505 517 529 541 553 565 577 589 
0
SET-7
0
1
0
1
STEP_FILE-2-1
50
612 624 636 648 660 672 684 696 708 720 732 744 756 768 780 792 804 816 828 840 852 864 876 888 900 912 924 936 948 960 972 984 996 1008 1020 1032 1044 1056 1068 1080 1092 1104 1116 1128 1140 1152 1164 1176 1188 1200 
0
S_SET-1
0
1
0
1
STEP_FILE-2-1
50
612 624 636 648 660 672 684 696 708 720 732 744 756 768 780 792 804 816 828 840 852 864 876 888 900 912 924 936 948 960 972 984 996 1008 1020 1032 1044 1056 1068 1080 1092 1104 1116 1128 1140 1152 1164 1176 1188 1200 
0
2
STEP_FILE-1-1
3
 P       1
0
2
600
1 2 3 4 5 6 7 8 9 10 11 12 13 14 15 16 17 18 19 20 21 22 23 24 25 26 27 28 29 30 31 32 33 34 35 36 37 38 39 40 41 42 43 44 45 46 47 48 49 50 51 52 53 54 55 56 57 58 59 60 61 62 63 64 65 66 67 68 69 70 71 72 73 74 75 76 77 78 79 80 81 82 83 84 85 86 87 88 89 90 91 92 93 94 95 96 97 98 99 100 101 102 103 104 105 106 107 108 109 110 111 112 113 114 115 116 117 118 119 120 121 122 123 124 125 126 127 128 129 130 131 132 133 134 135 136 137 138 139 140 141 142 143 144 145 146 147 148 149 150 151 152 153 154 155 156 157 158 159 160 161 162 163 164 165 166 167 168 169 170 171 172 173 174 175 176 177 178 179 180 181 182 183 184 185 186 187 188 189 190 191 192 193 194 195 196 197 198 199 200 201 202 203 204 205 206 207 208 209 210 211 212 213 214 215 216 217 218 219 220 221 222 223 224 225 226 227 228 229 230 231 232 233 234 235 236 237 238 239 240 241 242 243 244 245 246 247 248 249 250 251 252 253 254 255 256 257 258 259 260 261 262 263 264 265 266 267 268 269 270 271 272 273 274 275 276 277 278 279 280 281 282 283 284 285 286 287 288 289 290 291 292 293 294 295 296 297 298 299 300 301 302 303 304 305 306 307 308 309 310 311 312 313 314 315 316 317 318 319 320 321 322 323 324 325 326 327 328 329 330 331 332 333 334 335 336 337 338 339 340 341 342 343 344 345 346 347 348 349 350 351 352 353 354 355 356 357 358 359 360 361 362 363 364 365 366 367 368 369 370 371 372 373 374 375 376 377 378 379 380 381 382 383 384 385 386 387 388 389 390 391 392 393 394 395 396 397 398 399 400 401 402 403 404 405 406 407 408 409 410 411 412 413 414 415 416 417 418 419 420 421 422 423 424 425 426 427 428 429 430 431 432 433 434 435 436 437 438 439 440 441 442 443 444 445 446 447 448 449 450 451 452 453 454 455 456 457 458 459 460 461 462 463 464 465 466 467 468 469 470 471 472 473 474 475 476 477 478 479 480 481 482 483 484 485 486 487 488 489 490 491 492 493 494 495 496 497 498 499 500 501 502 503 504 505 506 507 508 509 510 511 512 513 514 515 516 517 518 519 520 521 522 523 524 525 526 527 528 529 530 531 532 533 534 535 536 537 538 539 540 541 542 543 544 545 546 547 548 549 550 551 552 553 554 555 556 557 558 559 560 561 562 563 564 565 566 567 568 569 570 571 572 573 574 575 576 577 578 579 580 581 582 583 584 585 586 587 588 589 590 591 592 593 594 595 596 597 598 599 600 
0
0
 P       1SET-5
0
2
12
589 590 591 592 593 594 595 596 597 598 599 600 
0
0
SET-1
0
1
600
1 2 3 4 5 6 7 8 9 10 11 12 13 14 15 16 17 18 19 20 21 22 23 24 25 26 27 28 29 30 31 32 33 34 35 36 37 38 39 40 41 42 43 44 45 46 47 48 49 50 51 52 53 54 55 56 57 58 59 60 61 62 63 64 65 66 67 68 69 70 71 72 73 74 75 76 77 78 79 80 81 82 83 84 85 86 87 88 89 90 91 92 93 94 95 96 97 98 99 100 101 102 103 104 105 106 107 108 109 110 111 112 113 114 115 116 117 118 119 120 121 122 123 124 125 126 127 128 129 130 131 132 133 134 135 136 137 138 139 140 141 142 143 144 145 146 147 148 149 150 151 152 153 154 155 156 157 158 159 160 161 162 163 164 165 166 167 168 169 170 171 172 173 174 175 176 177 178 179 180 181 182 183 184 185 186 187 188 189 190 191 192 193 194 195 196 197 198 199 200 201 202 203 204 205 206 207 208 209 210 211 212 213 214 215 216 217 218 219 220 221 222 223 224 225 226 227 228 229 230 231 232 233 234 235 236 237 238 239 240 241 242 243 244 245 246 247 248 249 250 251 252 253 254 255 256 257 258 259 260 261 262 263 264 265 266 267 268 269 270 271 272 273 274 275 276 277 278 279 280 281 282 283 284 285 286 287 288 289 290 291 292 293 294 295 296 297 298 299 300 301 302 303 304 305 306 307 308 309 310 311 312 313 314 315 316 317 318 319 320 321 322 323 324 325 326 327 328 329 330 331 332 333 334 335 336 337 338 339 340 341 342 343 344 345 346 347 348 349 350 351 352 353 354 355 356 357 358 359 360 361 362 363 364 365 366 367 368 369 370 371 372 373 374 375 376 377 378 379 380 381 382 383 384 385 386 387 388 389 390 391 392 393 394 395 396 397 398 399 400 401 402 403 404 405 406 407 408 409 410 411 412 413 414 415 416 417 418 419 420 421 422 423 424 425 426 427 428 429 430 431 432 433 434 435 436 437 438 439 440 441 442 443 444 445 446 447 448 449 450 451 452 453 454 455 456 457 458 459 460 461 462 463 464 465 466 467 468 469 470 471 472 473 474 475 476 477 478 479 480 481 482 483 484 485 486 487 488 489 490 491 492 493 494 495 496 497 498 499 500 501 502 503 504 505 506 507 508 509 510 511 512 513 514 515 516 517 518 519 520 521 522 523 524 525 526 527 528 529 530 531 532 533 534 535 536 537 538 539 540 541 542 543 544 545 546 547 548 549 550 551 552 553 554 555 556 557 558 559 560 561 562 563 564 565 566 567 568 569 570 571 572 573 574 575 576 577 578 579 580 581 582 583 584 585 586 587 588 589 590 591 592 593 594 595 596 597 598 599 600 
0
0
0
STEP_FILE-2-1
3
 P       2
0
2
600
601 602 603 604 605 606 607 608 609 610 611 612 613 614 615 616 617 618 619 620 621 622 623 624 625 626 627 628 629 630 631 632 633 634 635 636 637 638 639 640 641 642 643 644 645 646 647 648 649 650 651 652 653 654 655 656 657 658 659 660 661 662 663 664 665 666 667 668 669 670 671 672 673 674 675 676 677 678 679 680 681 682 683 684 685 686 687 688 689 690 691 692 693 694 695 696 697 698 699 700 701 702 703 704 705 706 707 708 709 710 711 712 713 714 715 716 717 718 719 720 721 722 723 724 725 726 727 728 729 730 731 732 733 734 735 736 737 738 739 740 741 742 743 744 745 746 747 748 749 750 751 752 753 754 755 756 757 758 759 760 761 762 763 764 765 766 767 768 769 770 771 772 773 774 775 776 777 778 779 780 781 782 783 784 785 786 787 788 789 790 791 792 793 794 795 796 797 798 799 800 801 802 803 804 805 806 807 808 809 810 811 812 813 814 815 816 817 818 819 820 821 822 823 824 825 826 827 828 829 830 831 832 833 834 835 836 837 838 839 840 841 842 843 844 845 846 847 848 849 850 851 852 853 854 855 856 857 858 859 860 861 862 863 864 865 866 867 868 869 870 871 872 873 874 875 876 877 878 879 880 881 882 883 884 885 886 887 888 889 890 891 892 893 894 895 896 897 898 899 900 901 902 903 904 905 906 907 908 909 910 911 912 913 914 915 916 917 918 919 920 921 922 923 924 925 926 927 928 929 930 931 932 933 934 935 936 937 938 939 940 941 942 943 944 945 946 947 948 949 950 951 952 953 954 955 956 957 958 959 960 961 962 963 964 965 966 967 968 969 970 971 972 973 974 975 976 977 978 979 980 981 982 983 984 985 986 987 988 989 990 991 992 993 994 995 996 997 998 999 1000 1001 1002 1003 1004 1005 1006 1007 1008 1009 1010 1011 1012 1013 1014 1015 1016 1017 1018 1019 1020 1021 1022 1023 1024 1025 1026 1027 1028 1029 1030 1031 1032 1033 1034 1035 1036 1037 1038 1039 1040 1041 1042 1043 1044 1045 1046 1047 1048 1049 1050 1051 1052 1053 1054 1055 1056 1057 1058 1059 1060 1061 1062 1063 1064 1065 1066 1067 1068 1069 1070 1071 1072 1073 1074 1075 1076 1077 1078 1079 1080 1081 1082 1083 1084 1085 1086 1087 1088 1089 1090 1091 1092 1093 1094 1095 1096 1097 1098 1099 1100 1101 1102 1103 1104 1105 1106 1107 1108 1109 1110 1111 1112 1113 1114 1115 1116 1117 1118 1119 1120 1121 1122 1123 1124 1125 1126 1127 1128 1129 1130 1131 1132 1133 1134 1135 1136 1137 1138 1139 1140 1141 1142 1143 1144 1145 1146 1147 1148 1149 1150 1151 1152 1153 1154 1155 1156 1157 1158 1159 1160 1161 1162 1163 1164 1165 1166 1167 1168 1169 1170 1171 1172 1173 1174 1175 1176 1177 1178 1179 1180 1181 1182 1183 1184 1185 1186 1187 1188 1189 1190 1191 1192 1193 1194 1195 1196 1197 1198 1199 1200 
0
0
 P       2SET-5
0
2
12
1189 1190 1191 1192 1193 1194 1195 1196 1197 1198 1199 1200 
0
0
SET-1
0
1
600
601 602 603 604 605 606 607 608 609 610 611 612 613 614 615 616 617 618 619 620 621 622 623 624 625 626 627 628 629 630 631 632 633 634 635 636 637 638 639 640 641 642 643 644 645 646 647 648 649 650 651 652 653 654 655 656 657 658 659 660 661 662 663 664 665 666 667 668 669 670 671 672 673 674 675 676 677 678 679 680 681 682 683 684 685 686 687 688 689 690 691 692 693 694 695 696 697 698 699 700 701 702 703 704 705 706 707 708 709 710 711 712 713 714 715 716 717 718 719 720 721 722 723 724 725 726 727 728 729 730 731 732 733 734 735 736 737 738 739 740 741 742 743 744 745 746 747 748 749 750 751 752 753 754 755 756 757 758 759 760 761 762 763 764 765 766 767 768 769 770 771 772 773 774 775 776 777 778 779 780 781 782 783 784 785 786 787 788 789 790 791 792 793 794 795 796 797 798 799 800 801 802 803 804 805 806 807 808 809 810 811 812 813 814 815 816 817 818 819 820 821 822 823 824 825 826 827 828 829 830 831 832 833 834 835 836 837 838 839 840 841 842 843 844 845 846 847 848 849 850 851 852 853 854 855 856 857 858 859 860 861 862 863 864 865 866 867 868 869 870 871 872 873 874 875 876 877 878 879 880 881 882 883 884 885 886 887 888 889 890 891 892 893 894 895 896 897 898 899 900 901 902 903 904 905 906 907 908 909 910 911 912 913 914 915 916 917 918 919 920 921 922 923 924 925 926 927 928 929 930 931 932 933 934 935 936 937 938 939 940 941 942 943 944 945 946 947 948 949 950 951 952 953 954 955 956 957 958 959 960 961 962 963 964 965 966 967 968 969 970 971 972 973 974 975 976 977 978 979 980 981 982 983 984 985 986 987 988 989 990 991 992 993 994 995 996 997 998 999 1000 1001 1002 1003 1004 1005 1006 1007 1008 1009 1010 1011 1012 1013 1014 1015 1016 1017 1018 1019 1020 1021 1022 1023 1024 1025 1026 1027 1028 1029 1030 1031 1032 1033 1034 1035 1036 1037 1038 1039 1040 1041 1042 1043 1044 1045 1046 1047 1048 1049 1050 1051 1052 1053 1054 1055 1056 1057 1058 1059 1060 1061 1062 1063 1064 1065 1066 1067 1068 1069 1070 1071 1072 1073 1074 1075 1076 1077 1078 1079 1080 1081 1082 1083 1084 1085 1086 1087 1088 1089 1090 1091 1092 1093 1094 1095 1096 1097 1098 1099 1100 1101 1102 1103 1104 1105 1106 1107 1108 1109 1110 1111 1112 1113 1114 1115 1116 1117 1118 1119 1120 1121 1122 1123 1124 1125 1126 1127 1128 1129 1130 1131 1132 1133 1134 1135 1136 1137 1138 1139 1140 1141 1142 1143 1144 1145 1146 1147 1148 1149 1150 1151 1152 1153 1154 1155 1156 1157 1158 1159 1160 1161 1162 1163 1164 1165 1166 1167 1168 1169 1170 1171 1172 1173 1174 1175 1176 1177 1178 1179 1180 1181 1182 1183 1184 1185 1186 1187 1188 1189 1190 1191 1192 1193 1194 1195 1196 1197 1198 1199 1200 
0
0
0
8

0
2
0
2
STEP_FILE-1-1
663
1 2 3 4 5 6 7 8 9 10 11 12 13 14 15 16 17 18 19 20 21 22 23 24 25 26 27 28 29 30 31 32 33 34 35 36 37 38 39 40 41 42 43 44 45 46 47 48 49 50 51 52 53 54 55 56 57 58 59 60 61 62 63 64 65 66 67 68 69 70 71 72 73 74 75 76 77 78 79 80 81 82 83 84 85 86 87 88 89 90 91 92 93 94 95 96 97 98 99 100 101 102 103 104 105 106 107 108 109 110 111 112 113 114 115 116 117 118 119 120 121 122 123 124 125 126 127 128 129 130 131 132 133 134 135 136 137 138 139 140 141 142 143 144 145 146 147 148 149 150 151 152 153 154 155 156 157 158 159 160 161 162 163 164 165 166 167 168 169 170 171 172 173 174 175 176 177 178 179 180 181 182 183 184 185 186 187 188 189 190 191 192 193 194 195 196 197 198 199 200 201 202 203 204 205 206 207 208 209 210 211 212 213 214 215 216 217 218 219 220 221 222 223 224 225 226 227 228 229 230 231 232 233 234 235 236 237 238 239 240 241 242 243 244 245 246 247 248 249 250 251 252 253 254 255 256 257 258 259 260 261 262 263 264 265 266 267 268 269 270 271 272 273 274 275 276 277 278 279 280 281 282 283 284 285 286 287 288 289 290 291 292 293 294 295 296 297 298 299 300 301 302 303 304 305 306 307 308 309 310 311 312 313 314 315 316 317 318 319 320 321 322 323 324 325 326 327 328 329 330 331 332 333 334 335 336 337 338 339 340 341 342 343 344 345 346 347 348 349 350 351 352 353 354 355 356 357 358 359 360 361 362 363 364 365 366 367 368 369 370 371 372 373 374 375 376 377 378 379 380 381 382 383 384 385 386 387 388 389 390 391 392 393 394 395 396 397 398 399 400 401 402 403 404 405 406 407 408 409 410 411 412 413 414 415 416 417 418 419 420 421 422 423 424 425 426 427 428 429 430 431 432 433 434 435 436 437 438 439 440 441 442 443 444 445 446 447 448 449 450 451 452 453 454 455 456 457 458 459 460 461 462 463 464 465 466 467 468 469 470 471 472 473 474 475 476 477 478 479 480 481 482 483 484 485 486 487 488 489 490 491 492 493 494 495 496 497 498 499 500 501 502 503 504 505 506 507 508 509 510 511 512 513 514 515 516 517 518 519 520 521 522 523 524 525 526 527 528 529 530 531 532 533 534 535 536 537 538 539 540 541 542 543 544 545 546 547 548 549 550 551 552 553 554 555 556 557 558 559 560 561 562 563 564 565 566 567 568 569 570 571 572 573 574 575 576 577 578 579 580 581 582 583 584 585 586 587 588 589 590 591 592 593 594 595 596 597 598 599 600 601 602 603 604 605 606 607 608 609 610 611 612 613 614 615 616 617 618 619 620 621 622 623 624 625 626 627 628 629 630 631 632 633 634 635 636 637 638 639 640 641 642 643 644 645 646 647 648 649 650 651 652 653 654 655 656 657 658 659 660 661 662 663 
STEP_FILE-2-1
663
664 665 666 667 668 669 670 671 672 673 674 675 676 677 678 679 680 681 682 683 684 685 686 687 688 689 690 691 692 693 694 695 696 697 698 699 700 701 702 703 704 705 706 707 708 709 710 711 712 713 714 715 716 717 718 719 720 721 722 723 724 725 726 727 728 729 730 731 732 733 734 735 736 737 738 739 740 741 742 743 744 745 746 747 748 749 750 751 752 753 754 755 756 757 758 759 760 761 762 763 764 765 766 767 768 769 770 771 772 773 774 775 776 777 778 779 780 781 782 783 784 785 786 787 788 789 790 791 792 793 794 795 796 797 798 799 800 801 802 803 804 805 806 807 808 809 810 811 812 813 814 815 816 817 818 819 820 821 822 823 824 825 826 827 828 829 830 831 832 833 834 835 836 837 838 839 840 841 842 843 844 845 846 847 848 849 850 851 852 853 854 855 856 857 858 859 860 861 862 863 864 865 866 867 868 869 870 871 872 873 874 875 876 877 878 879 880 881 882 883 884 885 886 887 888 889 890 891 892 893 894 895 896 897 898 899 900 901 902 903 904 905 906 907 908 909 910 911 912 913 914 915 916 917 918 919 920 921 922 923 924 925 926 927 928 929 930 931 932 933 934 935 936 937 938 939 940 941 942 943 944 945 946 947 948 949 950 951 952 953 954 955 956 957 958 959 960 961 962 963 964 965 966 967 968 969 970 971 972 973 974 975 976 977 978 979 980 981 982 983 984 985 986 987 988 989 990 991 992 993 994 995 996 997 998 999 1000 1001 1002 1003 1004 1005 1006 1007 1008 1009 1010 1011 1012 1013 1014 1015 1016 1017 1018 1019 1020 1021 1022 1023 1024 1025 1026 1027 1028 1029 1030 1031 1032 1033 1034 1035 1036 1037 1038 1039 1040 1041 1042 1043 1044 1045 1046 1047 1048 1049 1050 1051 1052 1053 1054 1055 1056 1057 1058 1059 1060 1061 1062 1063 1064 1065 1066 1067 1068 1069 1070 1071 1072 1073 1074 1075 1076 1077 1078 1079 1080 1081 1082 1083 1084 1085 1086 1087 1088 1089 1090 1091 1092 1093 1094 1095 1096 1097 1098 1099 1100 1101 1102 1103 1104 1105 1106 1107 1108 1109 1110 1111 1112 1113 1114 1115 1116 1117 1118 1119 1120 1121 1122 1123 1124 1125 1126 1127 1128 1129 1130 1131 1132 1133 1134 1135 1136 1137 1138 1139 1140 1141 1142 1143 1144 1145 1146 1147 1148 1149 1150 1151 1152 1153 1154 1155 1156 1157 1158 1159 1160 1161 1162 1163 1164 1165 1166 1167 1168 1169 1170 1171 1172 1173 1174 1175 1176 1177 1178 1179 1180 1181 1182 1183 1184 1185 1186 1187 1188 1189 1190 1191 1192 1193 1194 1195 1196 1197 1198 1199 1200 1201 1202 1203 1204 1205 1206 1207 1208 1209 1210 1211 1212 1213 1214 1215 1216 1217 1218 1219 1220 1221 1222 1223 1224 1225 1226 1227 1228 1229 1230 1231 1232 1233 1234 1235 1236 1237 1238 1239 1240 1241 1242 1243 1244 1245 1246 1247 1248 1249 1250 1251 1252 1253 1254 1255 1256 1257 1258 1259 1260 1261 1262 1263 1264 1265 1266 1267 1268 1269 1270 1271 1272 1273 1274 1275 1276 1277 1278 1279 1280 1281 1282 1283 1284 1285 1286 1287 1288 1289 1290 1291 1292 1293 1294 1295 1296 1297 1298 1299 1300 1301 1302 1303 1304 1305 1306 1307 1308 1309 1310 1311 1312 1313 1314 1315 1316 1317 1318 1319 1320 1321 1322 1323 1324 1325 1326 
0
M_SET-1
0
1
0
1
STEP_FILE-2-1
51
676 689 702 715 728 741 754 767 780 793 806 819 832 845 858 871 884 897 910 923 936 949 962 975 988 1001 1014 1027 1040 1053 1066 1079 1092 1105 1118 1131 1144 1157 1170 1183 1196 1209 1222 1235 1248 1261 1274 1287 1300 1313 1326 
0
SET-3
0
1
0
1
STEP_FILE-1-1
51
13 26 39 52 65 78 91 104 117 130 143 156 169 182 195 208 221 234 247 260 273 286 299 312 325 338 351 364 377 390 403 416 429 442 455 468 481 494 507 520 533 546 559 572 585 598 611 624 637 650 663 
0
SET-4
0
1
0
1
STEP_FILE-2-1
51
664 677 690 703 716 729 742 755 768 781 794 807 820 833 846 859 872 885 898 911 924 937 950 963 976 989 1002 1015 1028 1041 1054 1067 1080 1093 1106 1119 1132 1145 1158 1171 1184 1197 1210 1223 1236 1249 1262 1275 1288 1301 1314 
0
SET-5
0
1
0
2
STEP_FILE-1-1
13
651 652 653 654 655 656 657 658 659 660 661 662 663 
STEP_FILE-2-1
13
1314 1315 1316 1317 1318 1319 1320 1321 1322 1323 1324 1325 1326 
0
SET-6
0
1
0
1
STEP_FILE-1-1
51
1 14 27 40 53 66 79 92 105 118 131 144 157 170 183 196 209 222 235 248 261 274 287 300 313 326 339 352 365 378 391 404 417 430 443 456 469 482 495 508 521 534 547 560 573 586 599 612 625 638 651 
0
SET-7
0
1
0
1
STEP_FILE-2-1
51
676 689 702 715 728 741 754 767 780 793 806 819 832 845 858 871 884 897 910 923 936 949 962 975 988 1001 1014 1027 1040 1053 1066 1079 1092 1105 1118 1131 1144 1157 1170 1183 1196 1209 1222 1235 1248 1261 1274 1287 1300 1313 1326 
0
S_SET-1
0
1
0
1
STEP_FILE-2-1
51
676 689 702 715 728 741 754 767 780 793 806 819 832 845 858 871 884 897 910 923 936 949 962 975 988 1001 1014 1027 1040 1053 1066 1079 1092 1105 1118 1131 1144 1157 1170 1183 1196 1209 1222 1235 1248 1261 1274 1287 1300 1313 1326 
0
2
STEP_FILE-1-1
3
 P       1
0
2
663
1 2 3 4 5 6 7 8 9 10 11 12 13 14 15 16 17 18 19 20 21 22 23 24 25 26 27 28 29 30 31 32 33 34 35 36 37 38 39 40 41 42 43 44 45 46 47 48 49 50 51 52 53 54 55 56 57 58 59 60 61 62 63 64 65 66 67 68 69 70 71 72 73 74 75 76 77 78 79 80 81 82 83 84 85 86 87 88 89 90 91 92 93 94 95 96 97 98 99 100 101 102 103 104 105 106 107 108 109 110 111 112 113 114 115 116 117 118 119 120 121 122 123 124 125 126 127 128 129 130 131 132 133 134 135 136 137 138 139 140 141 142 143 144 145 146 147 148 149 150 151 152 153 154 155 156 157 158 159 160 161 162 163 164 165 166 167 168 169 170 171 172 173 174 175 176 177 178 179 180 181 182 183 184 185 186 187 188 189 190 191 192 193 194 195 196 197 198 199 200 201 202 203 204 205 206 207 208 209 210 211 212 213 214 215 216 217 218 219 220 221 222 223 224 225 226 227 228 229 230 231 232 233 234 235 236 237 238 239 240 241 242 243 244 245 246 247 248 249 250 251 252 253 254 255 256 257 258 259 260 261 262 263 264 265 266 267 268 269 270 271 272 273 274 275 276 277 278 279 280 281 282 283 284 285 286 287 288 289 290 291 292 293 294 295 296 297 298 299 300 301 302 303 304 305 306 307 308 309 310 311 312 313 314 315 316 317 318 319 320 321 322 323 324 325 326 327 328 329 330 331 332 333 334 335 336 337 338 339 340 341 342 343 344 345 346 347 348 349 350 351 352 353 354 355 356 357 358 359 360 361 362 363 364 365 366 367 368 369 370 371 372 373 374 375 376 377 378 379 380 381 382 383 384 385 386 387 388 389 390 391 392 393 394 395 396 397 398 399 400 401 402 403 404 405 406 407 408 409 410 411 412 413 414 415 416 417 418 419 420 421 422 423 424 425 426 427 428 429 430 431 432 433 434 435 436 437 438 439 440 441 442 443 444 445 446 447 448 449 450 451 452 453 454 455 456 457 458 459 460 461 462 463 464 465 466 467 468 469 470 471 472 473 474 475 476 477 478 479 480 481 482 483 484 485 486 487 488 489 490 491 492 493 494 495 496 497 498 499 500 501 502 503 504 505 506 507 508 509 510 511 512 513 514 515 516 517 518 519 520 521 522 523 524 525 526 527 528 529 530 531 532 533 534 535 536 537 538 539 540 541 542 543 544 545 546 547 548 549 550 551 552 553 554 555 556 557 558 559 560 561 562 563 564 565 566 567 568 569 570 571 572 573 574 575 576 577 578 579 580 581 582 583 584 585 586 587 588 589 590 591 592 593 594 595 596 597 598 599 600 601 602 603 604 605 606 607 608 609 610 611 612 613 614 615 616 617 618 619 620 621 622 623 624 625 626 627 628 629 630 631 632 633 634 635 636 637 638 639 640 641 642 643 644 645 646 647 648 649 650 651 652 653 654 655 656 657 658 659 660 661 662 663 
0
0
 P       1SET-5
0
2
13
651 652 653 654 655 656 657 658 659 660 661 662 663 
0
0
SET-1
0
1
663
1 2 3 4 5 6 7 8 9 10 11 12 13 14 15 16 17 18 19 20 21 22 23 24 25 26 27 28 29 30 31 32 33 34 35 36 37 38 39 40 41 42 43 44 45 46 47 48 49 50 51 52 53 54 55 56 57 58 59 60 61 62 63 64 65 66 67 68 69 70 71 72 73 74 75 76 77 78 79 80 81 82 83 84 85 86 87 88 89 90 91 92 93 94 95 96 97 98 99 100 101 102 103 104 105 106 107 108 109 110 111 112 113 114 115 116 117 118 119 120 121 122 123 124 125 126 127 128 129 130 131 132 133 134 135 136 137 138 139 140 141 142 143 144 145 146 147 148 149 150 151 152 153 154 155 156 157 158 159 160 161 162 163 164 165 166 167 168 169 170 171 172 173 174 175 176 177 178 179 180 181 182 183 184 185 186 187 188 189 190 191 192 193 194 195 196 197 198 199 200 201 202 203 204 205 206 207 208 209 210 211 212 213 214 215 216 217 218 219 220 221 222 223 224 225 226 227 228 229 230 231 232 233 234 235 236 237 238 239 240 241 242 243 244 245 246 247 248 249 250 251 252 253 254 255 256 257 258 259 260 261 262 263 264 265 266 267 268 269 270 271 272 273 274 275 276 277 278 279 280 281 282 283 284 285 286 287 288 289 290 291 292 293 294 295 296 297 298 299 300 301 302 303 304 305 306 307 308 309 310 311 312 313 314 315 316 317 318 319 320 321 322 323 324 325 326 327 328 329 330 331 332 333 334 335 336 337 338 339 340 341 342 343 344 345 346 347 348 349 350 351 352 353 354 355 356 357 358 359 360 361 362 363 364 365 366 367 368 369 370 371 372 373 374 375 376 377 378 379 380 381 382 383 384 385 386 387 388 389 390 391 392 393 394 395 396 397 398 399 400 401 402 403 404 405 406 407 408 409 410 411 412 413 414 415 416 417 418 419 420 421 422 423 424 425 426 427 428 429 430 431 432 433 434 435 436 437 438 439 440 441 442 443 444 445 446 447 448 449 450 451 452 453 454 455 456 457 458 459 460 461 462 463 464 465 466 467 468 469 470 471 472 473 474 475 476 477 478 479 480 481 482 483 484 485 486 487 488 489 490 491 492 493 494 495 496 497 498 499 500 501 502 503 504 505 506 507 508 509 510 511 512 513 514 515 516 517 518 519 520 521 522 523 524 525 526 527 528 529 530 531 532 533 534 535 536 537 538 539 540 541 542 543 544 545 546 547 548 549 550 551 552 553 554 555 556 557 558 559 560 561 562 563 564 565 566 567 568 569 570 571 572 573 574 575 576 577 578 579 580 581 582 583 584 585 586 587 588 589 590 591 592 593 594 595 596 597 598 599 600 601 602 603 604 605 606 607 608 609 610 611 612 613 614 615 616 617 618 619 620 621 622 623 624 625 626 627 628 629 630 631 632 633 634 635 636 637 638 639 640 641 642 643 644 645 646 647 648 649 650 651 652 653 654 655 656 657 658 659 660 661 662 663 
0
0
0
STEP_FILE-2-1
3
 P       2
0
2
663
664 665 666 667 668 669 670 671 672 673 674 675 676 677 678 679 680 681 682 683 684 685 686 687 688 689 690 691 692 693 694 695 696 697 698 699 700 701 702 703 704 705 706 707 708 709 710 711 712 713 714 715 716 717 718 719 720 721 722 723 724 725 726 727 728 729 730 731 732 733 734 735 736 737 738 739 740 741 742 743 744 745 746 747 748 749 750 751 752 753 754 755 756 757 758 759 760 761 762 763 764 765 766 767 768 769 770 771 772 773 774 775 776 777 778 779 780 781 782 783 784 785 786 787 788 789 790 791 792 793 794 795 796 797 798 799 800 801 802 803 804 805 806 807 808 809 810 811 812 813 814 815 816 817 818 819 820 821 822 823 824 825 826 827 828 829 830 831 832 833 834 835 836 837 838 839 840 841 842 843 844 845 846 847 848 849 850 851 852 853 854 855 856 857 858 859 860 861 862 863 864 865 866 867 868 869 870 871 872 873 874 875 876 877 878 879 880 881 882 883 884 885 886 887 888 889 890 891 892 893 894 895 896 897 898 899 900 901 902 903 904 905 906 907 908 909 910 911 912 913 914 915 916 917 918 919 920 921 922 923 924 925 926 927 928 929 930 931 932 933 934 935 936 937 938 939 940 941 942 943 944 945 946 947 948 949 950 951 952 953 954 955 956 957 958 959 960 961 962 963 964 965 966 967 968 969 970 971 972 973 974 975 976 977 978 979 980 981 982 983 984 985 986 987 988 989 990 991 992 993 994 995 996 997 998 999 1000 1001 1002 1003 1004 1005 1006 1007 1008 1009 1010 1011 1012 1013 1014 1015 1016 1017 1018 1019 1020 1021 1022 1023 1024 1025 1026 1027 1028 1029 1030 1031 1032 1033 1034 1035 1036 1037 1038 1039 1040 1041 1042 1043 1044 1045 1046 1047 1048 1049 1050 1051 1052 1053 1054 1055 1056 1057 1058 1059 1060 1061 1062 1063 1064 1065 1066 1067 1068 1069 1070 1071 1072 1073 1074 1075 1076 1077 1078 1079 1080 1081 1082 1083 1084 1085 1086 1087 1088 1089 1090 1091 1092 1093 1094 1095 1096 1097 1098 1099 1100 1101 1102 1103 1104 1105 1106 1107 1108 1109 1110 1111 1112 1113 1114 1115 1116 1117 1118 1119 1120 1121 1122 1123 1124 1125 1126 1127 1128 1129 1130 1131 1132 1133 1134 1135 1136 1137 1138 1139 1140 1141 1142 1143 1144 1145 1146 1147 1148 1149 1150 1151 1152 1153 1154 1155 1156 1157 1158 1159 1160 1161 1162 1163 1164 1165 1166 1167 1168 1169 1170 1171 1172 1173 1174 1175 1176 1177 1178 1179 1180 1181 1182 1183 1184 1185 1186 1187 1188 1189 1190 1191 1192 1193 1194 1195 1196 1197 1198 1199 1200 1201 1202 1203 1204 1205 1206 1207 1208 1209 1210 1211 1212 1213 1214 1215 1216 1217 1218 1219 1220 1221 1222 1223 1224 1225 1226 1227 1228 1229 1230 1231 1232 1233 1234 1235 1236 1237 1238 1239 1240 1241 1242 1243 1244 1245 1246 1247 1248 1249 1250 1251 1252 1253 1254 1255 1256 1257 1258 1259 1260 1261 1262 1263 1264 1265 1266 1267 1268 1269 1270 1271 1272 1273 1274 1275 1276 1277 1278 1279 1280 1281 1282 1283 1284 1285 1286 1287 1288 1289 1290 1291 1292 1293 1294 1295 1296 1297 1298 1299 1300 1301 1302 1303 1304 1305 1306 1307 1308 1309 1310 1311 1312 1313 1314 1315 1316 1317 1318 1319 1320 1321 1322 1323 1324 1325 1326 
0
0
 P       2SET-5
0
2
13
1314 1315 1316 1317 1318 1319 1320 1321 1322 1323 1324 1325 1326 
0
0
SET-1
0
1
663
664 665 666 667 668 669 670 671 672 673 674 675 676 677 678 679 680 681 682 683 684 685 686 687 688 689 690 691 692 693 694 695 696 697 698 699 700 701 702 703 704 705 706 707 708 709 710 711 712 713 714 715 716 717 718 719 720 721 722 723 724 725 726 727 728 729 730 731 732 733 734 735 736 737 738 739 740 741 742 743 744 745 746 747 748 749 750 751 752 753 754 755 756 757 758 759 760 761 762 763 764 765 766 767 768 769 770 771 772 773 774 775 776 777 778 779 780 781 782 783 784 785 786 787 788 789 790 791 792 793 794 795 796 797 798 799 800 801 802 803 804 805 806 807 808 809 810 811 812 813 814 815 816 817 818 819 820 821 822 823 824 825 826 827 828 829 830 831 832 833 834 835 836 837 838 839 840 841 842 843 844 845 846 847 848 849 850 851 852 853 854 855 856 857 858 859 860 861 862 863 864 865 866 867 868 869 870 871 872 873 874 875 876 877 878 879 880 881 882 883 884 885 886 887 888 889 890 891 892 893 894 895 896 897 898 899 900 901 902 903 904 905 906 907 908 909 910 911 912 913 914 915 916 917 918 919 920 921 922 923 924 925 926 927 928 929 930 931 932 933 934 935 936 937 938 939 940 941 942 943 944 945 946 947 948 949 950 951 952 953 954 955 956 957 958 959 960 961 962 963 964 965 966 967 968 969 970 971 972 973 974 975 976 977 978 979 980 981 982 983 984 985 986 987 988 989 990 991 992 993 994 995 996 997 998 999 1000 1001 1002 1003 1004 1005 1006 1007 1008 1009 1010 1011 1012 1013 1014 1015 1016 1017 1018 1019 1020 1021 1022 1023 1024 1025 1026 1027 1028 1029 1030 1031 1032 1033 1034 1035 1036 1037 1038 1039 1040 1041 1042 1043 1044 1045 1046 1047 1048 1049 1050 1051 1052 1053 1054 1055 1056 1057 1058 1059 1060 1061 1062 1063 1064 1065 1066 1067 1068 1069 1070 1071 1072 1073 1074 1075 1076 1077 1078 1079 1080 1081 1082 1083 1084 1085 1086 1087 1088 1089 1090 1091 1092 1093 1094 1095 1096 1097 1098 1099 1100 1101 1102 1103 1104 1105 1106 1107 1108 1109 1110 1111 1112 1113 1114 1115 1116 1117 1118 1119 1120 1121 1122 1123 1124 1125 1126 1127 1128 1129 1130 1131 1132 1133 1134 1135 1136 1137 1138 1139 1140 1141 1142 1143 1144 1145 1146 1147 1148 1149 1150 1151 1152 1153 1154 1155 1156 1157 1158 1159 1160 1161 1162 1163 1164 1165 1166 1167 1168 1169 1170 1171 1172 1173 1174 1175 1176 1177 1178 1179 1180 1181 1182 1183 1184 1185 1186 1187 1188 1189 1190 1191 1192 1193 1194 1195 1196 1197 1198 1199 1200 1201 1202 1203 1204 1205 1206 1207 1208 1209 1210 1211 1212 1213 1214 1215 1216 1217 1218 1219 1220 1221 1222 1223 1224 1225 1226 1227 1228 1229 1230 1231 1232 1233 1234 1235 1236 1237 1238 1239 1240 1241 1242 1243 1244 1245 1246 1247 1248 1249 1250 1251 1252 1253 1254 1255 1256 1257 1258 1259 1260 1261 1262 1263 1264 1265 1266 1267 1268 1269 1270 1271 1272 1273 1274 1275 1276 1277 1278 1279 1280 1281 1282 1283 1284 1285 1286 1287 1288 1289 1290 1291 1292 1293 1294 1295 1296 1297 1298 1299 1300 1301 1302 1303 1304 1305 1306 1307 1308 1309 1310 1311 1312 1313 1314 1315 1316 1317 1318 1319 1320 1321 1322 1323 1324 1325 1326 
0
0
0
0
4
SET-3_CNS_
1
0
0
1
STEP_FILE-1-1
1
0
51
13
1
26
1
39
1
52
1
65
1
78
1
91
1
104
1
117
1
130
1
143
1
156
1
169
1
182
1
195
1
208
1
221
1
234
1
247
1
260
1
273
1
286
1
299
1
312
1
325
1
338
1
351
1
364
1
377
1
390
1
403
1
416
1
429
1
442
1
455
1
468
1
481
1
494
1
507
1
520
1
533
1
546
1
559
1
572
1
585
1
598
1
611
1
624
1
637
1
650
1
663
1
SET-4_CNS_
1
0
0
1
STEP_FILE-2-1
1
0
51
664
1
677
1
690
1
703
1
716
1
729
1
742
1
755
1
768
1
781
1
794
1
807
1
820
1
833
1
846
1
859
1
872
1
885
1
898
1
911
1
924
1
937
1
950
1
963
1
976
1
989
1
1002
1
1015
1
1028
1
1041
1
1054
1
1067
1
1080
1
1093
1
1106
1
1119
1
1132
1
1145
1
1158
1
1171
1
1184
1
1197
1
1210
1
1223
1
1236
1
1249
1
1262
1
1275
1
1288
1
1301
1
1314
1
SET-6_CNS_
1
0
0
1
STEP_FILE-1-1
1
0
51
1
1
14
1
27
1
40
1
53
1
66
1
79
1
92
1
105
1
118
1
131
1
144
1
157
1
170
1
183
1
196
1
209
1
222
1
235
1
248
1
261
1
274
1
287
1
300
1
313
1
326
1
339
1
352
1
365
1
378
1
391
1
404
1
417
1
430
1
443
1
456
1
469
1
482
1
495
1
508
1
521
1
534
1
547
1
560
1
573
1
586
1
599
1
612
1
625
1
638
1
651
1
SET-7_CNS_
1
0
0
1
STEP_FILE-2-1
1
0
51
676
1
689
1
702
1
715
1
728
1
741
1
754
1
767
1
780
1
793
1
806
1
819
1
832
1
845
1
858
1
871
1
884
1
897
1
910
1
923
1
936
1
949
1
962
1
975
1
988
1
1001
1
1014
1
1027
1
1040
1
1053
1
1066
1
1079
1
1092
1
1105
1
1118
1
1131
1
1144
1
1157
1
1170
1
1183
1
1196
1
1209
1
1222
1
1235
1
1248
1
1261
1
1274
1
1287
1
1300
1
1313
1
1326
1
