1
 
 
 
 
                                                             
                 Copyright 2014 Siemens Product Lifecycle    
                        Management Software Inc.             
                         All Rights Reserved.                
                                                             
               This software and related documentation are   
                 proprietary to Siemens Product Lifecycle    
                        Management Software Inc.             
                                                             
              Siemens and the Siemens logo are registered    
             trademarks of Siemens AG. NX is a trademark or  
                registered trademark of Siemens Product      
               Lifecycle Management Software Inc. or its     
             subsidiaries in the United States and in other  
             countries.  NASTRAN is a registered trademark   
                 of the National Aeronautics and Space       
                 Administration.  All other trademarks,      
              registered trademarks or service marks belong  
                      to their respective holders.           
                                                             
           LIMITATIONS TO U.S. GOVERNMENT RIGHTS. UNPUBLISHED
           - RIGHTS RESERVED UNDER THE COPYRIGHT LAWS OF THE 
            UNITED STATES. This computer software and related
               computer software documentation have been     
            developed exclusively at private expense and are 
           provided subject to the following rights:  If this
               computer software and computer  software      
            documentation qualify as "commercial items" (as  
             that term is defined in FAR 2.101), their use,  
            duplication or disclosure by the U.S. Government 
           is subject to the protections and restrictions as 
            set forth in the Siemens commercial license for  
            software and/or documentation, as prescribed in  
           FAR 12.212 and FAR 27.405(b)(2)(i) (for civilian  
             agencies) and in DFARS 227.7202-1(a) and DFARS  
           227.7202-3(a) (for the Department of Defense), or 
           any successor or similar regulation, as applicable
           or as amended from time to time.  If this computer
           software and computer documentation do not qualify
            as "commercial items", then they are "restricted 
           computer software" and are provided with "restric-
            tive rights", and their use, duplication or dis- 
            closure by the U.S. Government is subject to the 
            protections and restrictions as set forth in FAR 
           27.404(b) and FAR 52-227-14 (for civilian agencies
           ), and DFARS 227.7203-5(c) and DFARS 252.227-7014 
           (for the Department of Defense), or any successor 
           or similar regulation, as applicable or as amended
              from time to time.  Siemens PLM Software Inc.  
            5800 Granite Parkway, Suite 600, Plano, TX 75024 

                * * * * * * * * * * * * * * * * * * * *
                * * * * * * * * * * * * * * * * * * * *
                * *                                 * *
                * *                                 * *
                * *                                 * *
                * *                                 * *
                * *       N X   N a s t r a n       * *
                * *                                 * *
                * *        VERSION -   10.0         * *
                * *                                 * *
                * *          OCT 30, 2014           * *
                * *                                 * *
                * *                                 * *
                * *Intel64 Family 6 Model 94 Steppi * *
                * *                                 * *
                * * Intel(R) Core(TM) i7-6700HQ CPU * *
                * *                                 * *
                * *            Windows 8            * *
                * *                                 * *
                * *       Compiled for X86-64       * *
                * *                                 * *
                * * * * * * * * * * * * * * * * * * * *
                * * * * * * * * * * * * * * * * * * * *
1 
  
                        Welcome to NX Nastran
                        -------------------------
  
  
 This "news" information can be turned off by setting "news=no" in the runtime
 configuration (RC) file.  The "news" keyword can be set in the system RC file
 for global, or multi-user control, and in a local file for local control.
 Individual jobs can be controlled by setting news to yes or no on the command
 line.
 *** USER WARNING MESSAGE 333 (GETLIN)
     THE BEGIN BULK STATEMENT IS MISSING. A BEGIN BULK STATEMENT WILL BE INSERTED BY THE PROGRAM
1                                                                          FEBRUARY  20, 2016  NX NASTRAN 10/30/14   PAGE     1
                                                                                                                                    
0        N A S T R A N    F I L E    A N D    S Y S T E M    P A R A M E T E R    E C H O                                           
0                                                                                                                                   
                                                                                                                                    
                                                                                                                                    
     NASTRAN BUFFSIZE=32769 $(C:/PROGRAM FILES/SIEMENS/NX 10.0/NXNASTRAN/CONF/NAST10.
     NASTRAN BUFFPOOL=11697                                                          
     NASTRAN DIAGA=128 DIAGB=0 $(C:/PROGRAM FILES/SIEMENS/NX 10.0/NXNASTRAN/CONF/NAST
     NASTRAN REAL=2147483647 $(PROGRAM DEFAULT)                                      
1                                                                          FEBRUARY  20, 2016  NX NASTRAN 10/30/14   PAGE     2
                                                                                                                                    
0        N A S T R A N    E X E C U T I V E    C O N T R O L    E C H O                                                             
0                                                                                                                                   
                                                                                                                                    
                                                                                                                                    
 *** USER FATAL MESSAGE 505 (XCSA)
     CONTROL CARD SUBDMAP IS ILLEGAL
     $  PHASE 1                                                                              
     TYPE DB,KJJ,MJJ,BJJ,USET,GOA,GOT,KAA,DYNAMICS,DYNAMIC,KGG,PCDBS,AGG,                    
             GPLS,SILS,SLT,DAR,CASES,EQEXINS,MATPOOL,GM,LOO,KOO,GPSNTS,PVT,                  
             DITS,BGPDTS,CSTMS,EST,MPTS,XYCDBS,LLL,KLL,ULL,ESTNL,ESTL,BTOPO,                 
             EMAP,MAPS,ETT,PVTS,KFS,KSS,KSF,EDT,KMG,GEOM2S,GEOM3S,ECTS,                      
             EPTS,INDTA,KELM,KDICT,PELSETS,BGPDTVU,VIEWTB,GPECT,VELEM,EDTS,                  
             SCSTM,GEOM4S,GPDTS,MELM,MDICT,GEOM1,GEOM2,MATPOOLS,DITID,                       
             GEOM3,GEOM4,EPT,MPT,SLIST,ORSEQ,LRSEQ,GEOM1S,PVTBC,VGFD,DRG,                    
             AEBGPDTS,AEBOXS,AEUSETS,PCOMPTS,PKYG,PMYG,PBYG,BELM,BDICT,                      
             MPJN2O,MPJSFN2O,AEMPCOMP,AEMONPT,SAEMPRK,STRUCOMP,MONITOR,SAERG,                
             ADBINDX,ADBUXV,ADBWJV,ADBFJV0,ADBQKV0,AEDBSTDX,UXVST,PGVST,                     
             PJVST,PAVST,PLVST,TR,MPARV0,VGQ,XSOP2DIR,KFF,DTI,DTINDX,DMI,                    
             DMINDX,DTIS,DTINDXS,DMIS,DMINDXS,K4ELM,K4DICT,GEOM1Q,GEOM1EXA,                  
             GEOM2EXA,GEOM4EXA,CEE,MEE,GGE,BEC,MEC,MJJ1,KYL,VYL,COMPEST,                     
     $     STATIC LOAD GENERATION                                                            
             PJ,PTELEM,PG,PA,YS,QR,UOO,PSS,PL,EPSSEO,YG,RVG,                                 
     $     DYNAMICS ONLY (SEMR)                                                              
             BGG,K4GG,K4FF,MFF,MLR,MLL,MRR,CMLAMA,CMPHA,CMPHO,MPHVZ,BK4ZZ,                   
             PLR,PAR,PGR,PRBA,RUXLV,IUXLR,URLR,KR1ZV,GPLK,GDKL,GPGK,GDGK,                    
             MR,GOQ,MAA,MAR,MEA,BAA,K4AA,MGG,GPAK,GDAK,GPJK,GDJK,SAERA,                      
             SAERL,SAERJ,                                                                    
     $  PHASE 2                                                                              
             ACPT,CSTMA,SPLINE,AERO,MKLIST,AECOMP,GPKSK,GDKSK,                               
             WKK,LAJJ,UAJJ,SKJ,CONTROL,TRX,                                                  
             LSALL,USALL,WSKJ,AUA,PAOS,AAS,AUXTAB,STBTAB,D1JK,                               
             KALV,PLR,QKKS,QKX,M1RR,L2RR,U2RR,KZRR,MIRR,KAZR,                                
             Z1ZX,KSAZV,HPV,HP,QLL,KAAV,PHILZ,                                               
             QKPRESS,CASEM,                                                                  
             AEQGDKA,AEQGDKL,PERGV,PERKSV,PIRGV,PRGV,UERKSV,UXAV,                            
             WQKKS,WQKV,PRKSV,                                                               
             MPAERV,MPSERV,MPSIRX,AEDBUXV,PRBDOFS,AEDBINDX,HPV,                              
             UXDIFV,UEUGV,UERGV,AERRV,AEURV,                                                 
     $  PHASE 3                                                                              
             AUG,AQG,AQMG,PCDB,XYCDB $                                                       
     $ QUALIFERS                                                                             
     TYPE PARM,NDDL,I,N,SEID,MTEMP,LOAD,TEMPLD,DEFORM,MPC,SPC,SUPORT,                        
                        PEID,METH,DYRD,MFLUID,IMACHNO,IQ,IKBAR,NLOOP,PVALID,                 
                        SYMXY,SYMXZ,NCASE,BSUBCAS $                                          
     TYPE PARM,NDDL,I,N,BCSET,BGSET,BOLTPRE,RIGID $                                          
     TYPE PARM,NDDL,CHAR8,N,A2GG,K2GG,M2GG,B2GG,P2G,K2PP,M2PP,B2PP,APRCH,                    
                            AECONFIG,K42GG $                                                 
     $ SAVED PARAMETERS                                                                      
     TYPE PARM,NDDL,I,N,LUSETS,HNNLK $                                                       
     TYPE PARM,NDDL,LOGICAL,N,GOPH2,SKIPSE,SOLN,SOLNX,SAVERSTL $                             
     $ USER PARAMETERS                                                                       
     TYPE PARM,NDDL,I,N,NK,NJ,NX $                                                           
1                                                                          FEBRUARY  20, 2016  NX NASTRAN 10/30/14   PAGE     3
                                                                                                                                    
0        N A S T R A N    E X E C U T I V E    C O N T R O L    E C H O                                                             
0                                                                                                                                   
                                                                                                                                    
                                                                                                                                    
     TYPE PARM,NDDL,RS,N,BOV $                                                               
     TYPE PARM,,CHAR8,Y,AUTOSPC='YES  ',EXTDR='NO' $                                         
     TYPE PARM,NDDL,CHAR8,Y,FLEXINCR,AESMETH $                                               
     TYPE PARM,NDDL,CHAR8,N,SAVERST,FTL,WRN $ SCRATCH                                        
     TYPE PARM,NDDL,I,Y,EXTRCV,AESRNDM $ NUMBER OF RANDOM VECTORS FOR ADDING                 
     TYPE PARM,NDDL,RS,Y,WTMASS,AUNITS $                                                     
     $ LOCAL PARAMETERS                                                                      
     TYPE PARM,,I,N,LPFLG,NSKIP,NOAMODL $                                                    
     TYPE PARM,,I,N,DMAPNO=144,PFILE=0,CARDNO=0,LASTSEID,DROPT,                              
                    NOUSET,NOASET,NOBSET,NOCSET,NOGSET,NOLSET,NOOSET,NOQSET,                 
                    NORSET,NOSSET,NOTSET,NOVSET,NOA,NOSET,NORC,NOMSET,                       
                    TRMFLG,DVGFLG,OMPC,OSPC,OSPRT,ICASE,NSKIP1,NLOADS $                      
     TYPE PARM,,I,N,UNUSED,NP $                                                              
     TYPE PARM,,CHAR8,N,SUBDMAP='AESTAT',APP='STATICS',SOLTYP='     ',                       
                        AESMETHX,RUNIT  $                                                    
     TYPE PARM,,LOGICAL,N,RSONLY=FALSE,AERO=TRUE,NOPH2=FALSE,PEXIST=TRUE,                    
                          NOPH1=FALSE,DOSPCF,DOMPCF,RESTART $                                
     TYPE PARM,,CS,N,CZ $                                                                    
     TYPE PARM,,RS,N,REFSPEED $                                                              
     $                                                                                       
     FILE AUGX=APPEND/CASEM=APPEND/AQGX=APPEND/AQMGX=APPEND/PGFX=APPEND $                    
     FILE HP=SAVE/HPV=SAVE/IUXLR=SAVE/KAAV=SAVE/KALV=SAVE/                                   
          KAZR=SAVE/KR1ZV=SAVE/MPSRV=SAVE/KZRR=SAVE/L2RR=SAVE/                               
          LSALL=SAVE/MIRR=SAVE/PHILZ=SAVE/RUXLV=SAVE/U2RR=SAVE/                              
          URLR=SAVE/USALL=SAVE/Z1ZX=SAVE/TR=SAVE/                                            
          AEQGDKA=SAVE/AEQGDKL=SAVE/PERGV=SAVE/PERKSV=SAVE/PIRGV=SAVE/                       
          PRGV=SAVE/UERKSV=SAVE/UXAV=SAVE/WQKKS=SAVE/                                        
          WQKV=SAVE/PRKSV=SAVE/MPAERV=SAVE/MPSERV=SAVE/MPSIRX=SAVE/                          
          AEDBUXV=SAVE/PRBDOFS=SAVE/AEDBINDX=SAVE/UXDIFV=SAVE/UEUGV=SAVE/                    
          UERGV=SAVE/AERRV=SAVE/AEURV=SAVE/RPF=OVRWRT $                                      
     $                                                                                       
     $ ----------- PERFORM PHASE 0 AND I OPERATIONS                                          
     $                                                                                       
     $                                                                                       
     $  CHECK TO MAKE SURE MONITOR IS NOT TURNED ON                                          
     $                                                                                       
     IF ( GETSYS(NP,442) <> 0 ) THEN $                                                       
        PUTSYS(0,442) $                                                                      
        MESSAGE   //' USER INFORMATION MESSAGE 9320 (AESTAT)' $                              
        MESSAGE   //' THE SOLUTION MONITOR IS NOT SUPPORTED BY THIS ' $                      
        MESSAGE   //' SOLUTION SEQUENCE.  SYSTEM CELL (422) IS ' $                           
        MESSAGE   //' BEING RESET TO 0.' $                                                   
     ENDIF $                                                                                 
     $                                                                                       
     CALL SUPER1 /CASECC  ,USET    ,GOT     ,KAA     ,DYNAMICS,                              
                  DYNAMIC ,GPLS    ,SILS    ,SLT     ,DAR     ,                              
                  CASES   ,EQEXINS ,MATPOOL ,GM      ,DITS    ,                              
                  BGPDTS  ,CSTMS   ,EST     ,MPTS    ,XYCDBS  ,                              
                  LLL     ,KLL     ,ULL     ,        ,PCDB    ,                              
                  EMAP    ,XYCDB   ,MAPS    ,ETT     ,PVTS    ,                              
1                                                                          FEBRUARY  20, 2016  NX NASTRAN 10/30/14   PAGE     4
                                                                                                                                    
0        N A S T R A N    E X E C U T I V E    C O N T R O L    E C H O                                                             
0                                                                                                                                   
                                                                                                                                    
                                                                                                                                    
                  KFS     ,KSS     ,KSF     ,EDT     ,EDOM    ,                              
                  GEOM2S  ,GEOM3S  ,POSTCDB ,ECTS    ,EPTS    ,                              
                  INDTA   ,KELM    ,KDICT   ,GPECT   ,VELEM   ,                              
                  FORCE   ,        ,SCSTM   ,MATPOOLS,DITID   ,                              
                          ,        ,PJ      ,PTELEM  ,PG      ,                              
                  PA      ,YS      ,QR      ,UOO     ,PSS     ,                              
                  PL      ,        ,GPSNTS  ,GPGK    ,KJJ     ,                              
                  KGG     ,EDTS    ,LOO     ,BJJ     ,BGG     ,                              
                  K4GG    ,MJJ     ,MFF     ,MLR     ,MLL     ,                              
                  MRR     ,CMLAMA  ,CMPHA   ,CMPHO   ,GDGK     ,                             
                  MR      ,GOQ     ,GPAK    ,GDAK    ,MAA     ,                              
                  MAR     ,MEA     ,BAA     ,K4AA    ,MGG     ,                              
                          ,        ,        ,        ,GEOM4S  ,                              
                          ,PCDBS   ,ESTL    ,ESTNL   ,AGG     ,                              
                  DMI     ,DMINDX  ,DTI     ,DTINDX  ,CONTACT ,                              
                  BTOPO   ,GPDTS   ,MELM    ,MDICT   ,GEOM1   ,                              
                  GEOM2   ,GEOM3   ,GEOM4   ,EPT     ,MPT     ,                              
                  SLIST   ,KMG     ,        ,        ,        ,                              
                          ,        ,        ,        ,PVT     ,                              
                  OINT    ,DEQATN  ,DEQIND  ,MEDGE   ,GDNTAB  ,                              
                  PELSETS ,VIEWTB  ,BGPDTVU ,ORSEQ   ,LRSEQ   ,                              
                  VGFD    ,        ,GEOM1S  ,PVTBC   ,ACPT    ,                              
                  AECOMP  ,SPLINE  ,AERO    ,CSTMA   ,VGQ     ,                              
                  TRX     ,CONTROL ,UNUZED  ,UNUZED  ,AEBGPDTS,                              
                  AEUSETS ,AEBOXS  ,GPJK    ,GDJK    ,AXIC    ,                              
                  GPLK    ,GDKL    ,MKLIST  ,GPKSK   ,GDKSK   ,                              
                  EPSSEO  ,DRG     ,MPHVZ   ,BK4ZZ   ,PCOMPTS ,                              
                          ,        ,PMYG    ,PBYG    ,PKYG    ,                              
                          ,        ,        ,BELM    ,BDICT   ,                              
                          ,MPJN2O  ,MPJSFN2O,AEMPCOMP,AEMONPT ,                              
                  SAEMPRK ,STRUCOMP,MONITOR ,SAERJ   ,SAERG   ,                              
                  SAERA   ,SAERL   ,AEDBSTDX,UXVST   ,PGVST   ,                              
                  PJVST   ,PAVST   ,PLVST   ,XSOP2DIR,                                       
                          ,        ,        ,        ,        ,                              
                          ,        ,        ,        ,        ,                              
                          ,        ,        ,        ,BFF     ,                              
                  KFF     ,K4FF    ,SPCDPVG ,DTIS    ,DTINDXS ,                              
                  DMIS    ,DMINDXS ,GEOM1Q  ,SEGRDSO ,YG      ,                              
                  K4ELM   ,K4DICT  ,SETMC   ,AG0     ,CEE     ,                              
                  MEE     ,GGE     ,BEC     ,MEC     ,MJJ1    ,                              
                  RVG     ,GEOM1EXA,GEOM2EXA,GEOM4EXA,KYL     ,                              
                  VYL     ,CMLAMX  ,COMPEST ,        ,        ,                              
                          ,        ,        ,        ,        ,                              
                          ,        /                                                         
                  APP     /DMAPNO  /S,RSONLY/SOLTYP  /FALSE   /                              
 *** USER FATAL MESSAGE 507 (XCSA)
     ILLEGAL SPECIFICATION OR FORMAT ON PRECEDING CARD
                  FALSE   /AERO    /FALSE   /APRCH   /S,SEID  /                              
                  S,PEID  /S,MTEMP /S,LOAD  /S,TEMPLD/S,DEFORM/                              
1                                                                          FEBRUARY  20, 2016  NX NASTRAN 10/30/14   PAGE     5
                                                                                                                                    
0        N A S T R A N    E X E C U T I V E    C O N T R O L    E C H O                                                             
0                                                                                                                                   
                                                                                                                                    
                                                                                                                                    
                  S,MPC   /S,SPC   /S,SUPORT/S,BCSET /S,BGSET /                              
                  S,RIGID /S,BOLTPRE/S,K2GG /S,K42GG /S,M2GG  /                              
                  S,B2GG  /S,P2G   /S,DYRD  /S,METH  /S,MFLUID/                              
                  S,NLOOP /S,LASTSEID/S,PFILE/S,LUSETS/FALSE  /                              
                  UNUSED  /AUTOSPC /S,NOPH2 /FALSE   /S,PVALID/                              
                  S,PEXIST/FALSE   /FALSE   /APP     /S,NX    /                              
                  S,NK    /S,NJ    /S,BOV   /S,NOPH1 /0       /                              
                  S,RESTART/S,A2GG /S,BSUBCAS/S,REFSPEED/S,RUNIT $                           
     $                                                                                       
     CEND       $ GENERATED BY GETLIN                                                        
1                                        * * * END OF JOB * * *
 
 
 *** USER WARNING MESSAGE 1153 (XCLNUP)
     THE NDDL FOR THIS DATA BASE HAS NEITHER BEEN CREATED NOR OBTAINED FROM THE DELIVERY DATA BASE.
     USER INFORMATION: THE DATA BASE CREATED IN THIS RUN IS TOO IMMATURE TO BE RESTARTED.
     USER ACTION: DELETE THIS DATA BASE BEFORE STARTING YOUR NEXT RUN.
